-- The C compiler identification is GNU 13.3.0
-- The CXX compiler identification is GNU 13.3.0
-- Detecting C compiler ABI info
-- Detecting C compiler ABI info - done
-- Check for working C compiler: /usr/bin/cc - skipped
-- Detecting C compile features
-- Detecting C compile features - done
-- Detecting CXX compiler ABI info
-- Detecting CXX compiler ABI info - done
-- Check for working CXX compiler: /usr/bin/c++ - skipped
-- Detecting CXX compile features
-- Detecting CXX compile features - done
-- Found ament_cmake: 2.5.4 (/opt/ros/jazzy/share/ament_cmake/cmake)
-- Found Python3: /usr/bin/python3 (found version "3.12.3") found components: Interpreter 
-- Override CMake install command with custom implementation using symlinks instead of copying resources
-- Found rosidl_default_generators: 1.6.0 (/opt/ros/jazzy/share/rosidl_default_generators/cmake)
-- Using all available rosidl_typesupport_c: rosidl_typesupport_fastrtps_c;rosidl_typesupport_introspection_c
-- Using all available rosidl_typesupport_cpp: rosidl_typesupport_fastrtps_cpp;rosidl_typesupport_introspection_cpp
-- Found rosidl_adapter: 4.6.5 (/opt/ros/jazzy/share/rosidl_adapter/cmake)
-- Found builtin_interfaces: 2.0.2 (/opt/ros/jazzy/share/builtin_interfaces/cmake)
-- Found ament_cmake_ros: 0.12.0 (/opt/ros/jazzy/share/ament_cmake_ros/cmake)
-- Using all available rosidl_typesupport_c: rosidl_typesupport_fastrtps_c;rosidl_typesupport_introspection_c
-- Using all available rosidl_typesupport_cpp: rosidl_typesupport_fastrtps_cpp;rosidl_typesupport_introspection_cpp
-- Found python_cmake_module: 0.11.1 (/opt/ros/jazzy/share/python_cmake_module/cmake)
-- Found PythonExtra: /usr/bin/python3  
-- Found Python3: /usr/bin/python3 (found version "3.12.3") found components: Interpreter Development NumPy Development.Module Development.Embed 
-- Configuring done (19.0s)
-- Generating done (0.2s)
-- Build files have been written to: /home/orangepi/Documents/ros2_motor_demo/build/motor_msgs
[  2%] [34m[1mGenerating type hashes for ROS interfaces[0m
[  2%] Built target ament_cmake_python_symlink_motor_msgs
running egg_info
creating motor_msgs.egg-info
writing motor_msgs.egg-info/PKG-INFO
writing dependency_links to motor_msgs.egg-info/dependency_links.txt
writing top-level names to motor_msgs.egg-info/top_level.txt
writing manifest file 'motor_msgs.egg-info/SOURCES.txt'
[  2%] Built target motor_msgs__rosidl_generator_type_description
[  4%] [34m[1mGenerating C code for ROS interfaces[0m
[  6%] [34m[1mGenerating C++ code for ROS interfaces[0m
reading manifest file 'motor_msgs.egg-info/SOURCES.txt'
writing manifest file 'motor_msgs.egg-info/SOURCES.txt'
[  6%] Built target ament_cmake_python_build_motor_msgs_egg
[  6%] Built target motor_msgs__cpp
[  9%] [32mBuilding C object CMakeFiles/motor_msgs__rosidl_generator_c.dir/rosidl_generator_c/motor_msgs/msg/detail/board_status__description.c.o[0m
[ 11%] [32mBuilding C object CMakeFiles/motor_msgs__rosidl_generator_c.dir/rosidl_generator_c/motor_msgs/srv/detail/probe_board__description.c.o[0m
[ 13%] [32mBuilding C object CMakeFiles/motor_msgs__rosidl_generator_c.dir/rosidl_generator_c/motor_msgs/msg/detail/board_status__functions.c.o[0m
[ 15%] [32mBuilding C object CMakeFiles/motor_msgs__rosidl_generator_c.dir/rosidl_generator_c/motor_msgs/msg/detail/board_status__type_support.c.o[0m
[ 18%] [32mBuilding C object CMakeFiles/motor_msgs__rosidl_generator_c.dir/rosidl_generator_c/motor_msgs/srv/detail/probe_board__functions.c.o[0m
[ 20%] [32mBuilding C object CMakeFiles/motor_msgs__rosidl_generator_c.dir/rosidl_generator_c/motor_msgs/srv/detail/probe_board__type_support.c.o[0m
[ 22%] [32m[1mLinking C shared library libmotor_msgs__rosidl_generator_c.so[0m
[ 22%] Built target motor_msgs__rosidl_generator_c
[ 25%] [34m[1mGenerating C++ type support for eProsima Fast-RTPS[0m
[ 27%] [34m[1mGenerating C type support dispatch for ROS interfaces[0m
[ 29%] [34m[1mGenerating C++ type support dispatch for ROS interfaces[0m
[ 31%] [34m[1mGenerating C type support for eProsima Fast-RTPS[0m
[ 34%] [32mBuilding CXX object CMakeFiles/motor_msgs__rosidl_typesupport_c.dir/rosidl_typesupport_c/motor_msgs/msg/board_status__type_support.cpp.o[0m
[ 36%] [32mBuilding CXX object CMakeFiles/motor_msgs__rosidl_typesupport_cpp.dir/rosidl_typesupport_cpp/motor_msgs/msg/board_status__type_support.cpp.o[0m
[ 38%] [32mBuilding CXX object CMakeFiles/motor_msgs__rosidl_typesupport_c.dir/rosidl_typesupport_c/motor_msgs/srv/probe_board__type_support.cpp.o[0m
[ 40%] [32m[1mLinking CXX shared library libmotor_msgs__rosidl_typesupport_c.so[0m
[ 43%] [32mBuilding CXX object CMakeFiles/motor_msgs__rosidl_typesupport_fastrtps_cpp.dir/rosidl_typesupport_fastrtps_cpp/motor_msgs/msg/detail/dds_fastrtps/board_status__type_support.cpp.o[0m
[ 43%] Built target motor_msgs__rosidl_typesupport_c
[ 45%] [32mBuilding CXX object CMakeFiles/motor_msgs__rosidl_typesupport_fastrtps_c.dir/rosidl_typesupport_fastrtps_c/motor_msgs/msg/detail/board_status__type_support_c.cpp.o[0m
[ 47%] [32mBuilding CXX object CMakeFiles/motor_msgs__rosidl_typesupport_fastrtps_cpp.dir/rosidl_typesupport_fastrtps_cpp/motor_msgs/srv/detail/dds_fastrtps/probe_board__type_support.cpp.o[0m
[ 50%] [32mBuilding CXX object CMakeFiles/motor_msgs__rosidl_typesupport_cpp.dir/rosidl_typesupport_cpp/motor_msgs/srv/probe_board__type_support.cpp.o[0m
[ 52%] [32mBuilding CXX object CMakeFiles/motor_msgs__rosidl_typesupport_fastrtps_c.dir/rosidl_typesupport_fastrtps_c/motor_msgs/srv/detail/probe_board__type_support_c.cpp.o[0m
[ 54%] [34m[1mGenerating C introspection for ROS interfaces[0m
[ 56%] [32m[1mLinking CXX shared library libmotor_msgs__rosidl_typesupport_fastrtps_cpp.so[0m
[ 59%] [32m[1mLinking CXX shared library libmotor_msgs__rosidl_typesupport_cpp.so[0m
[ 59%] Built target motor_msgs__rosidl_typesupport_fastrtps_cpp
[ 61%] [34m[1mGenerating C++ introspection for ROS interfaces[0m
[ 61%] Built target motor_msgs__rosidl_typesupport_cpp
[ 63%] [32mBuilding C object CMakeFiles/motor_msgs__rosidl_typesupport_introspection_c.dir/rosidl_typesupport_introspection_c/motor_msgs/srv/detail/probe_board__type_support.c.o[0m
[ 65%] [32mBuilding C object CMakeFiles/motor_msgs__rosidl_typesupport_introspection_c.dir/rosidl_typesupport_introspection_c/motor_msgs/msg/detail/board_status__type_support.c.o[0m
[ 68%] [32m[1mLinking C shared library libmotor_msgs__rosidl_typesupport_introspection_c.so[0m
[ 68%] Built target motor_msgs__rosidl_typesupport_introspection_c
[ 70%] [32m[1mLinking CXX shared library libmotor_msgs__rosidl_typesupport_fastrtps_c.so[0m
[ 75%] [32mBuilding CXX object CMakeFiles/motor_msgs__rosidl_typesupport_introspection_cpp.dir/rosidl_typesupport_introspection_cpp/motor_msgs/srv/detail/probe_board__type_support.cpp.o[0m
[ 75%] [32mBuilding CXX object CMakeFiles/motor_msgs__rosidl_typesupport_introspection_cpp.dir/rosidl_typesupport_introspection_cpp/motor_msgs/msg/detail/board_status__type_support.cpp.o[0m
[ 75%] Built target motor_msgs__rosidl_typesupport_fastrtps_c
[ 77%] [32m[1mLinking CXX shared library libmotor_msgs__rosidl_typesupport_introspection_cpp.so[0m
[ 77%] Built target motor_msgs__rosidl_typesupport_introspection_cpp
[ 77%] Built target motor_msgs
[ 79%] [34m[1mGenerating Python code for ROS interfaces[0m
[ 79%] Built target motor_msgs__py
[ 84%] [32mBuilding C object CMakeFiles/motor_msgs__rosidl_generator_py.dir/rosidl_generator_py/motor_msgs/msg/_board_status_s.c.o[0m
[ 84%] [32mBuilding C object CMakeFiles/motor_msgs__rosidl_generator_py.dir/rosidl_generator_py/motor_msgs/srv/_probe_board_s.c.o[0m
[ 86%] [32m[1mLinking C shared library libmotor_msgs__rosidl_generator_py.so[0m
[ 86%] Built target motor_msgs__rosidl_generator_py
[ 93%] [32mBuilding C object CMakeFiles/motor_msgs_s__rosidl_typesupport_introspection_c.dir/rosidl_generator_py/motor_msgs/_motor_msgs_s.ep.rosidl_typesupport_introspection_c.c.o[0m
[ 93%] [32mBuilding C object CMakeFiles/motor_msgs_s__rosidl_typesupport_c.dir/rosidl_generator_py/motor_msgs/_motor_msgs_s.ep.rosidl_typesupport_c.c.o[0m
[ 93%] [32mBuilding C object CMakeFiles/motor_msgs_s__rosidl_typesupport_fastrtps_c.dir/rosidl_generator_py/motor_msgs/_motor_msgs_s.ep.rosidl_typesupport_fastrtps_c.c.o[0m
[ 95%] [32m[1mLinking C shared module rosidl_generator_py/motor_msgs/motor_msgs_s__rosidl_typesupport_fastrtps_c.so[0m
[ 97%] [32m[1mLinking C shared module rosidl_generator_py/motor_msgs/motor_msgs_s__rosidl_typesupport_introspection_c.so[0m
[100%] [32m[1mLinking C shared module rosidl_generator_py/motor_msgs/motor_msgs_s__rosidl_typesupport_c.so[0m
[100%] Built target motor_msgs_s__rosidl_typesupport_fastrtps_c
[100%] Built target motor_msgs_s__rosidl_typesupport_introspection_c
[100%] Built target motor_msgs_s__rosidl_typesupport_c
-- Install configuration: ""
-- Execute custom install script
-- Symlinking: /home/orangepi/Documents/ros2_motor_demo/install/motor_msgs/share/ament_index/resource_index/rosidl_interfaces/motor_msgs
-- Symlinking: /home/orangepi/Documents/ros2_motor_demo/install/motor_msgs/share/motor_msgs/msg/BoardStatus.json
-- Symlinking: /home/orangepi/Documents/ros2_motor_demo/install/motor_msgs/share/motor_msgs/srv/ProbeBoard.json
-- Symlinking: /home/orangepi/Documents/ros2_motor_demo/install/motor_msgs/include/motor_msgs/motor_msgs/msg/board_status.h
-- Symlinking: /home/orangepi/Documents/ros2_motor_demo/install/motor_msgs/include/motor_msgs/motor_msgs/msg/detail/board_status__functions.h
-- Symlinking: /home/orangepi/Documents/ros2_motor_demo/install/motor_msgs/include/motor_msgs/motor_msgs/msg/detail/board_status__struct.h
-- Symlinking: /home/orangepi/Documents/ros2_motor_demo/install/motor_msgs/include/motor_msgs/motor_msgs/msg/detail/board_status__type_support.h
-- Symlinking: /home/orangepi/Documents/ros2_motor_demo/install/motor_msgs/include/motor_msgs/motor_msgs/msg/rosidl_generator_c__visibility_control.h
-- Symlinking: /home/orangepi/Documents/ros2_motor_demo/install/motor_msgs/include/motor_msgs/motor_msgs/srv/detail/probe_board__functions.h
-- Symlinking: /home/orangepi/Documents/ros2_motor_demo/install/motor_msgs/include/motor_msgs/motor_msgs/srv/detail/probe_board__struct.h
-- Symlinking: /home/orangepi/Documents/ros2_motor_demo/install/motor_msgs/include/motor_msgs/motor_msgs/srv/detail/probe_board__type_support.h
-- Symlinking: /home/orangepi/Documents/ros2_motor_demo/install/motor_msgs/include/motor_msgs/motor_msgs/srv/probe_board.h
-- Symlinking: /home/orangepi/Documents/ros2_motor_demo/install/motor_msgs/share/motor_msgs/environment/library_path.sh
-- Symlinking: /home/orangepi/Documents/ros2_motor_demo/install/motor_msgs/share/motor_msgs/environment/library_path.dsv
-- Symlinking: /home/orangepi/Documents/ros2_motor_demo/install/motor_msgs/include/motor_msgs/motor_msgs/msg/detail/board_status__rosidl_typesupport_fastrtps_c.h
-- Symlinking: /home/orangepi/Documents/ros2_motor_demo/install/motor_msgs/include/motor_msgs/motor_msgs/msg/rosidl_typesupport_fastrtps_c__visibility_control.h
-- Symlinking: /home/orangepi/Documents/ros2_motor_demo/install/motor_msgs/include/motor_msgs/motor_msgs/srv/detail/probe_board__rosidl_typesupport_fastrtps_c.h
-- Symlinking: /home/orangepi/Documents/ros2_motor_demo/install/motor_msgs/include/motor_msgs/motor_msgs/msg/detail/board_status__rosidl_typesupport_introspection_c.h
-- Symlinking: /home/orangepi/Documents/ros2_motor_demo/install/motor_msgs/include/motor_msgs/motor_msgs/msg/rosidl_typesupport_introspection_c__visibility_control.h
-- Symlinking: /home/orangepi/Documents/ros2_motor_demo/install/motor_msgs/include/motor_msgs/motor_msgs/srv/detail/probe_board__rosidl_typesupport_introspection_c.h
-- Symlinking: /home/orangepi/Documents/ros2_motor_demo/install/motor_msgs/include/motor_msgs/motor_msgs/msg/board_status.hpp
-- Symlinking: /home/orangepi/Documents/ros2_motor_demo/install/motor_msgs/include/motor_msgs/motor_msgs/msg/detail/board_status__builder.hpp
-- Symlinking: /home/orangepi/Documents/ros2_motor_demo/install/motor_msgs/include/motor_msgs/motor_msgs/msg/detail/board_status__struct.hpp
-- Symlinking: /home/orangepi/Documents/ros2_motor_demo/install/motor_msgs/include/motor_msgs/motor_msgs/msg/detail/board_status__traits.hpp
-- Symlinking: /home/orangepi/Documents/ros2_motor_demo/install/motor_msgs/include/motor_msgs/motor_msgs/msg/detail/board_status__type_support.hpp
-- Symlinking: /home/orangepi/Documents/ros2_motor_demo/install/motor_msgs/include/motor_msgs/motor_msgs/msg/rosidl_generator_cpp__visibility_control.hpp
-- Symlinking: /home/orangepi/Documents/ros2_motor_demo/install/motor_msgs/include/motor_msgs/motor_msgs/srv/detail/probe_board__builder.hpp
-- Symlinking: /home/orangepi/Documents/ros2_motor_demo/install/motor_msgs/include/motor_msgs/motor_msgs/srv/detail/probe_board__struct.hpp
-- Symlinking: /home/orangepi/Documents/ros2_motor_demo/install/motor_msgs/include/motor_msgs/motor_msgs/srv/detail/probe_board__traits.hpp
-- Symlinking: /home/orangepi/Documents/ros2_motor_demo/install/motor_msgs/include/motor_msgs/motor_msgs/srv/detail/probe_board__type_support.hpp
-- Symlinking: /home/orangepi/Documents/ros2_motor_demo/install/motor_msgs/include/motor_msgs/motor_msgs/srv/probe_board.hpp
-- Symlinking: /home/orangepi/Documents/ros2_motor_demo/install/motor_msgs/include/motor_msgs/motor_msgs/msg/detail/board_status__rosidl_typesupport_fastrtps_cpp.hpp
-- Symlinking: /home/orangepi/Documents/ros2_motor_demo/install/motor_msgs/include/motor_msgs/motor_msgs/msg/rosidl_typesupport_fastrtps_cpp__visibility_control.h
-- Symlinking: /home/orangepi/Documents/ros2_motor_demo/install/motor_msgs/include/motor_msgs/motor_msgs/srv/detail/probe_board__rosidl_typesupport_fastrtps_cpp.hpp
-- Symlinking: /home/orangepi/Documents/ros2_motor_demo/install/motor_msgs/include/motor_msgs/motor_msgs/msg/detail/board_status__rosidl_typesupport_introspection_cpp.hpp
-- Symlinking: /home/orangepi/Documents/ros2_motor_demo/install/motor_msgs/include/motor_msgs/motor_msgs/srv/detail/probe_board__rosidl_typesupport_introspection_cpp.hpp
-- Symlinking: /home/orangepi/Documents/ros2_motor_demo/install/motor_msgs/share/motor_msgs/environment/pythonpath.sh
-- Symlinking: /home/orangepi/Documents/ros2_motor_demo/install/motor_msgs/share/motor_msgs/environment/pythonpath.dsv
-- Symlinking: /home/orangepi/Documents/ros2_motor_demo/install/motor_msgs/lib/python3.12/site-packages/motor_msgs-0.0.0-py3.12.egg-info/PKG-INFO
-- Symlinking: /home/orangepi/Documents/ros2_motor_demo/install/motor_msgs/lib/python3.12/site-packages/motor_msgs-0.0.0-py3.12.egg-info/SOURCES.txt
-- Symlinking: /home/orangepi/Documents/ros2_motor_demo/install/motor_msgs/lib/python3.12/site-packages/motor_msgs-0.0.0-py3.12.egg-info/dependency_links.txt
-- Symlinking: /home/orangepi/Documents/ros2_motor_demo/install/motor_msgs/lib/python3.12/site-packages/motor_msgs-0.0.0-py3.12.egg-info/top_level.txt
-- Symlinking: /home/orangepi/Documents/ros2_motor_demo/install/motor_msgs/lib/python3.12/site-packages/motor_msgs/__init__.py
-- Symlinking: /home/orangepi/Documents/ros2_motor_demo/install/motor_msgs/lib/python3.12/site-packages/motor_msgs/_motor_msgs_s.ep.rosidl_typesupport_c.c
-- Symlinking: /home/orangepi/Documents/ros2_motor_demo/install/motor_msgs/lib/python3.12/site-packages/motor_msgs/_motor_msgs_s.ep.rosidl_typesupport_fastrtps_c.c
-- Symlinking: /home/orangepi/Documents/ros2_motor_demo/install/motor_msgs/lib/python3.12/site-packages/motor_msgs/_motor_msgs_s.ep.rosidl_typesupport_introspection_c.c
-- Symlinking: /home/orangepi/Documents/ros2_motor_demo/install/motor_msgs/lib/python3.12/site-packages/motor_msgs/motor_msgs_s__rosidl_typesupport_c.so
-- Symlinking: /home/orangepi/Documents/ros2_motor_demo/install/motor_msgs/lib/python3.12/site-packages/motor_msgs/motor_msgs_s__rosidl_typesupport_fastrtps_c.so
-- Symlinking: /home/orangepi/Documents/ros2_motor_demo/install/motor_msgs/lib/python3.12/site-packages/motor_msgs/motor_msgs_s__rosidl_typesupport_introspection_c.so
-- Symlinking: /home/orangepi/Documents/ros2_motor_demo/install/motor_msgs/lib/python3.12/site-packages/motor_msgs/msg/__init__.py
-- Symlinking: /home/orangepi/Documents/ros2_motor_demo/install/motor_msgs/lib/python3.12/site-packages/motor_msgs/msg/_board_status.py
-- Symlinking: /home/orangepi/Documents/ros2_motor_demo/install/motor_msgs/lib/python3.12/site-packages/motor_msgs/msg/_board_status_s.c
-- Symlinking: /home/orangepi/Documents/ros2_motor_demo/install/motor_msgs/lib/python3.12/site-packages/motor_msgs/srv/__init__.py
-- Symlinking: /home/orangepi/Documents/ros2_motor_demo/install/motor_msgs/lib/python3.12/site-packages/motor_msgs/srv/_probe_board.py
-- Symlinking: /home/orangepi/Documents/ros2_motor_demo/install/motor_msgs/lib/python3.12/site-packages/motor_msgs/srv/_probe_board_s.c
-- Up-to-date symlink: /home/orangepi/Documents/ros2_motor_demo/install/motor_msgs/lib/python3.12/site-packages/motor_msgs/motor_msgs_s__rosidl_typesupport_fastrtps_c.so
-- Up-to-date symlink: /home/orangepi/Documents/ros2_motor_demo/install/motor_msgs/lib/python3.12/site-packages/motor_msgs/motor_msgs_s__rosidl_typesupport_introspection_c.so
-- Up-to-date symlink: /home/orangepi/Documents/ros2_motor_demo/install/motor_msgs/lib/python3.12/site-packages/motor_msgs/motor_msgs_s__rosidl_typesupport_c.so
-- Symlinking: /home/orangepi/Documents/ros2_motor_demo/install/motor_msgs/share/motor_msgs/msg/BoardStatus.idl
-- Symlinking: /home/orangepi/Documents/ros2_motor_demo/install/motor_msgs/share/motor_msgs/srv/ProbeBoard.idl
-- Symlinking: /home/orangepi/Documents/ros2_motor_demo/install/motor_msgs/share/motor_msgs/msg/BoardStatus.msg
-- Symlinking: /home/orangepi/Documents/ros2_motor_demo/install/motor_msgs/share/motor_msgs/srv/ProbeBoard.srv
-- Symlinking: /home/orangepi/Documents/ros2_motor_demo/install/motor_msgs/share/ament_index/resource_index/package_run_dependencies/motor_msgs
-- Symlinking: /home/orangepi/Documents/ros2_motor_demo/install/motor_msgs/share/ament_index/resource_index/parent_prefix_path/motor_msgs
-- Symlinking: /home/orangepi/Documents/ros2_motor_demo/install/motor_msgs/share/motor_msgs/environment/ament_prefix_path.sh
-- Symlinking: /home/orangepi/Documents/ros2_motor_demo/install/motor_msgs/share/motor_msgs/environment/ament_prefix_path.dsv
-- Symlinking: /home/orangepi/Documents/ros2_motor_demo/install/motor_msgs/share/motor_msgs/environment/path.sh
-- Symlinking: /home/orangepi/Documents/ros2_motor_demo/install/motor_msgs/share/motor_msgs/environment/path.dsv
-- Symlinking: /home/orangepi/Documents/ros2_motor_demo/install/motor_msgs/share/motor_msgs/local_setup.bash
-- Symlinking: /home/orangepi/Documents/ros2_motor_demo/install/motor_msgs/share/motor_msgs/local_setup.sh
-- Symlinking: /home/orangepi/Documents/ros2_motor_demo/install/motor_msgs/share/motor_msgs/local_setup.zsh
-- Symlinking: /home/orangepi/Documents/ros2_motor_demo/install/motor_msgs/share/motor_msgs/local_setup.dsv
-- Symlinking: /home/orangepi/Documents/ros2_motor_demo/install/motor_msgs/share/motor_msgs/package.dsv
-- Symlinking: /home/orangepi/Documents/ros2_motor_demo/install/motor_msgs/share/ament_index/resource_index/packages/motor_msgs
-- Symlinking: /home/orangepi/Documents/ros2_motor_demo/install/motor_msgs/share/motor_msgs/cmake/rosidl_cmake-extras.cmake
-- Symlinking: /home/orangepi/Documents/ros2_motor_demo/install/motor_msgs/share/motor_msgs/cmake/ament_cmake_export_dependencies-extras.cmake
-- Symlinking: /home/orangepi/Documents/ros2_motor_demo/install/motor_msgs/share/motor_msgs/cmake/ament_cmake_export_include_directories-extras.cmake
-- Symlinking: /home/orangepi/Documents/ros2_motor_demo/install/motor_msgs/share/motor_msgs/cmake/ament_cmake_export_libraries-extras.cmake
-- Symlinking: /home/orangepi/Documents/ros2_motor_demo/install/motor_msgs/share/motor_msgs/cmake/ament_cmake_export_targets-extras.cmake
-- Symlinking: /home/orangepi/Documents/ros2_motor_demo/install/motor_msgs/share/motor_msgs/cmake/rosidl_cmake_export_typesupport_targets-extras.cmake
-- Symlinking: /home/orangepi/Documents/ros2_motor_demo/install/motor_msgs/share/motor_msgs/cmake/rosidl_cmake_export_typesupport_libraries-extras.cmake
-- Symlinking: /home/orangepi/Documents/ros2_motor_demo/install/motor_msgs/share/motor_msgs/cmake/motor_msgsConfig.cmake
-- Symlinking: /home/orangepi/Documents/ros2_motor_demo/install/motor_msgs/share/motor_msgs/cmake/motor_msgsConfig-version.cmake
-- Symlinking: /home/orangepi/Documents/ros2_motor_demo/install/motor_msgs/share/motor_msgs/package.xml
-- Installing: /home/orangepi/Documents/ros2_motor_demo/install/motor_msgs/lib/libmotor_msgs__rosidl_generator_c.so
-- Set non-toolchain portion of runtime path of "/home/orangepi/Documents/ros2_motor_demo/install/motor_msgs/lib/libmotor_msgs__rosidl_generator_c.so" to ""
-- Installing: /home/orangepi/Documents/ros2_motor_demo/install/motor_msgs/lib/libmotor_msgs__rosidl_typesupport_fastrtps_c.so
-- Set non-toolchain portion of runtime path of "/home/orangepi/Documents/ros2_motor_demo/install/motor_msgs/lib/libmotor_msgs__rosidl_typesupport_fastrtps_c.so" to ""
-- Installing: /home/orangepi/Documents/ros2_motor_demo/install/motor_msgs/lib/libmotor_msgs__rosidl_typesupport_introspection_c.so
-- Set non-toolchain portion of runtime path of "/home/orangepi/Documents/ros2_motor_demo/install/motor_msgs/lib/libmotor_msgs__rosidl_typesupport_introspection_c.so" to ""
-- Installing: /home/orangepi/Documents/ros2_motor_demo/install/motor_msgs/lib/libmotor_msgs__rosidl_typesupport_c.so
-- Set non-toolchain portion of runtime path of "/home/orangepi/Documents/ros2_motor_demo/install/motor_msgs/lib/libmotor_msgs__rosidl_typesupport_c.so" to ""
-- Installing: /home/orangepi/Documents/ros2_motor_demo/install/motor_msgs/lib/libmotor_msgs__rosidl_typesupport_fastrtps_cpp.so
-- Set non-toolchain portion of runtime path of "/home/orangepi/Documents/ros2_motor_demo/install/motor_msgs/lib/libmotor_msgs__rosidl_typesupport_fastrtps_cpp.so" to ""
-- Installing: /home/orangepi/Documents/ros2_motor_demo/install/motor_msgs/lib/libmotor_msgs__rosidl_typesupport_introspection_cpp.so
-- Set non-toolchain portion of runtime path of "/home/orangepi/Documents/ros2_motor_demo/install/motor_msgs/lib/libmotor_msgs__rosidl_typesupport_introspection_cpp.so" to ""
-- Installing: /home/orangepi/Documents/ros2_motor_demo/install/motor_msgs/lib/libmotor_msgs__rosidl_typesupport_cpp.so
-- Set non-toolchain portion of runtime path of "/home/orangepi/Documents/ros2_motor_demo/install/motor_msgs/lib/libmotor_msgs__rosidl_typesupport_cpp.so" to ""
Listing '/home/orangepi/Documents/ros2_motor_demo/install/motor_msgs/lib/python3.12/site-packages/motor_msgs'...
Compiling '/home/orangepi/Documents/ros2_motor_demo/install/motor_msgs/lib/python3.12/site-packages/motor_msgs/__init__.py'...
Listing '/home/orangepi/Documents/ros2_motor_demo/install/motor_msgs/lib/python3.12/site-packages/motor_msgs/msg'...
Compiling '/home/orangepi/Documents/ros2_motor_demo/install/motor_msgs/lib/python3.12/site-packages/motor_msgs/msg/__init__.py'...
Compiling '/home/orangepi/Documents/ros2_motor_demo/install/motor_msgs/lib/python3.12/site-packages/motor_msgs/msg/_board_status.py'...
Listing '/home/orangepi/Documents/ros2_motor_demo/install/motor_msgs/lib/python3.12/site-packages/motor_msgs/srv'...
Compiling '/home/orangepi/Documents/ros2_motor_demo/install/motor_msgs/lib/python3.12/site-packages/motor_msgs/srv/__init__.py'...
Compiling '/home/orangepi/Documents/ros2_motor_demo/install/motor_msgs/lib/python3.12/site-packages/motor_msgs/srv/_probe_board.py'...
-- Installing: /home/orangepi/Documents/ros2_motor_demo/install/motor_msgs/lib/libmotor_msgs__rosidl_generator_py.so
-- Set non-toolchain portion of runtime path of "/home/orangepi/Documents/ros2_motor_demo/install/motor_msgs/lib/libmotor_msgs__rosidl_generator_py.so" to ""
-- Installing: /home/orangepi/Documents/ros2_motor_demo/install/motor_msgs/share/motor_msgs/cmake/export_motor_msgs__rosidl_generator_cExport.cmake
-- Installing: /home/orangepi/Documents/ros2_motor_demo/install/motor_msgs/share/motor_msgs/cmake/export_motor_msgs__rosidl_generator_cExport-noconfig.cmake
-- Installing: /home/orangepi/Documents/ros2_motor_demo/install/motor_msgs/share/motor_msgs/cmake/export_motor_msgs__rosidl_typesupport_fastrtps_cExport.cmake
-- Installing: /home/orangepi/Documents/ros2_motor_demo/install/motor_msgs/share/motor_msgs/cmake/export_motor_msgs__rosidl_typesupport_fastrtps_cExport-noconfig.cmake
-- Installing: /home/orangepi/Documents/ros2_motor_demo/install/motor_msgs/share/motor_msgs/cmake/motor_msgs__rosidl_typesupport_introspection_cExport.cmake
-- Installing: /home/orangepi/Documents/ros2_motor_demo/install/motor_msgs/share/motor_msgs/cmake/motor_msgs__rosidl_typesupport_introspection_cExport-noconfig.cmake
-- Installing: /home/orangepi/Documents/ros2_motor_demo/install/motor_msgs/share/motor_msgs/cmake/motor_msgs__rosidl_typesupport_cExport.cmake
-- Installing: /home/orangepi/Documents/ros2_motor_demo/install/motor_msgs/share/motor_msgs/cmake/motor_msgs__rosidl_typesupport_cExport-noconfig.cmake
-- Installing: /home/orangepi/Documents/ros2_motor_demo/install/motor_msgs/share/motor_msgs/cmake/export_motor_msgs__rosidl_generator_cppExport.cmake
-- Installing: /home/orangepi/Documents/ros2_motor_demo/install/motor_msgs/share/motor_msgs/cmake/export_motor_msgs__rosidl_typesupport_fastrtps_cppExport.cmake
-- Installing: /home/orangepi/Documents/ros2_motor_demo/install/motor_msgs/share/motor_msgs/cmake/export_motor_msgs__rosidl_typesupport_fastrtps_cppExport-noconfig.cmake
-- Installing: /home/orangepi/Documents/ros2_motor_demo/install/motor_msgs/share/motor_msgs/cmake/motor_msgs__rosidl_typesupport_introspection_cppExport.cmake
-- Installing: /home/orangepi/Documents/ros2_motor_demo/install/motor_msgs/share/motor_msgs/cmake/motor_msgs__rosidl_typesupport_introspection_cppExport-noconfig.cmake
-- Installing: /home/orangepi/Documents/ros2_motor_demo/install/motor_msgs/share/motor_msgs/cmake/motor_msgs__rosidl_typesupport_cppExport.cmake
-- Installing: /home/orangepi/Documents/ros2_motor_demo/install/motor_msgs/share/motor_msgs/cmake/motor_msgs__rosidl_typesupport_cppExport-noconfig.cmake
-- Installing: /home/orangepi/Documents/ros2_motor_demo/install/motor_msgs/share/motor_msgs/cmake/export_motor_msgs__rosidl_generator_pyExport.cmake
-- Installing: /home/orangepi/Documents/ros2_motor_demo/install/motor_msgs/share/motor_msgs/cmake/export_motor_msgs__rosidl_generator_pyExport-noconfig.cmake
