[0.049s] Invoking command in '/home/orangepi/Documents/ros2_motor_demo/build/motor_msgs': CMAKE_PREFIX_PATH=${CMAKE_PREFIX_PATH}:/home/orangepi/Documents/ros2_examples/ros2_ws/install/pkg_helloworld_py:/opt/ros/jazzy /usr/bin/cmake /home/orangepi/Documents/ros2_motor_demo/src/motor_msgs -DAMENT_CMAKE_SYMLINK_INSTALL=1 -DCMAKE_INSTALL_PREFIX=/home/orangepi/Documents/ros2_motor_demo/install/motor_msgs
[0.412s] -- The C compiler identification is GNU 13.3.0
[0.792s] -- The CXX compiler identification is GNU 13.3.0
[0.860s] -- Detecting C compiler ABI info
[1.333s] -- Detecting C compiler ABI info - done
[1.405s] -- Check for working C compiler: /usr/bin/cc - skipped
[1.406s] -- Detecting C compile features
[1.409s] -- Detecting C compile features - done
[1.451s] -- Detecting CXX compiler ABI info
[2.100s] -- Detecting CXX compiler ABI info - done
[2.177s] -- Check for working CXX compiler: /usr/bin/c++ - skipped
[2.178s] -- Detecting CXX compile features
[2.182s] -- Detecting CXX compile features - done
[2.194s] -- Found ament_cmake: 2.5.4 (/opt/ros/jazzy/share/ament_cmake/cmake)
[3.027s] -- Found Python3: /usr/bin/python3 (found version "3.12.3") found components: Interpreter 
[3.516s] -- Override CMake install command with custom implementation using symlinks instead of copying resources
[3.645s] -- Found rosidl_default_generators: 1.6.0 (/opt/ros/jazzy/share/rosidl_default_generators/cmake)
[3.672s] -- Using all available rosidl_typesupport_c: rosidl_typesupport_fastrtps_c;rosidl_typesupport_introspection_c
[3.959s] -- Using all available rosidl_typesupport_cpp: rosidl_typesupport_fastrtps_cpp;rosidl_typesupport_introspection_cpp
[4.205s] -- Found rosidl_adapter: 4.6.5 (/opt/ros/jazzy/share/rosidl_adapter/cmake)
[4.222s] -- Found builtin_interfaces: 2.0.2 (/opt/ros/jazzy/share/builtin_interfaces/cmake)
[8.347s] -- Found ament_cmake_ros: 0.12.0 (/opt/ros/jazzy/share/ament_cmake_ros/cmake)
[11.081s] -- Using all available rosidl_typesupport_c: rosidl_typesupport_fastrtps_c;rosidl_typesupport_introspection_c
[14.497s] -- Using all available rosidl_typesupport_cpp: rosidl_typesupport_fastrtps_cpp;rosidl_typesupport_introspection_cpp
[14.517s] -- Found python_cmake_module: 0.11.1 (/opt/ros/jazzy/share/python_cmake_module/cmake)
[15.324s] -- Found PythonExtra: /usr/bin/python3  
[18.792s] -- Found Python3: /usr/bin/python3 (found version "3.12.3") found components: Interpreter Development NumPy Development.Module Development.Embed 
[19.124s] -- Configuring done (19.0s)
[19.376s] -- Generating done (0.2s)
[19.472s] -- Build files have been written to: /home/orangepi/Documents/ros2_motor_demo/build/motor_msgs
[19.521s] Invoked command in '/home/orangepi/Documents/ros2_motor_demo/build/motor_msgs' returned '0': CMAKE_PREFIX_PATH=${CMAKE_PREFIX_PATH}:/home/orangepi/Documents/ros2_examples/ros2_ws/install/pkg_helloworld_py:/opt/ros/jazzy /usr/bin/cmake /home/orangepi/Documents/ros2_motor_demo/src/motor_msgs -DAMENT_CMAKE_SYMLINK_INSTALL=1 -DCMAKE_INSTALL_PREFIX=/home/orangepi/Documents/ros2_motor_demo/install/motor_msgs
[19.528s] Invoking command in '/home/orangepi/Documents/ros2_motor_demo/build/motor_msgs': CMAKE_PREFIX_PATH=${CMAKE_PREFIX_PATH}:/home/orangepi/Documents/ros2_examples/ros2_ws/install/pkg_helloworld_py:/opt/ros/jazzy /usr/bin/cmake --build /home/orangepi/Documents/ros2_motor_demo/build/motor_msgs -- -j4 -l4
[19.811s] [  2%] [34m[1mGenerating type hashes for ROS interfaces[0m
[19.866s] [  2%] Built target ament_cmake_python_symlink_motor_msgs
[21.306s] running egg_info
[21.313s] creating motor_msgs.egg-info
[21.474s] writing motor_msgs.egg-info/PKG-INFO
[21.476s] writing dependency_links to motor_msgs.egg-info/dependency_links.txt
[21.478s] writing top-level names to motor_msgs.egg-info/top_level.txt
[21.479s] writing manifest file 'motor_msgs.egg-info/SOURCES.txt'
[21.685s] [  2%] Built target motor_msgs__rosidl_generator_type_description
[21.745s] [  4%] [34m[1mGenerating C code for ROS interfaces[0m
[21.804s] [  6%] [34m[1mGenerating C++ code for ROS interfaces[0m
[22.109s] reading manifest file 'motor_msgs.egg-info/SOURCES.txt'
[22.113s] writing manifest file 'motor_msgs.egg-info/SOURCES.txt'
[22.489s] [  6%] Built target ament_cmake_python_build_motor_msgs_egg
[24.601s] [  6%] Built target motor_msgs__cpp
[24.951s] [  9%] [32mBuilding C object CMakeFiles/motor_msgs__rosidl_generator_c.dir/rosidl_generator_c/motor_msgs/msg/detail/board_status__description.c.o[0m
[24.952s] [ 11%] [32mBuilding C object CMakeFiles/motor_msgs__rosidl_generator_c.dir/rosidl_generator_c/motor_msgs/srv/detail/probe_board__description.c.o[0m
[24.972s] [ 13%] [32mBuilding C object CMakeFiles/motor_msgs__rosidl_generator_c.dir/rosidl_generator_c/motor_msgs/msg/detail/board_status__functions.c.o[0m
[24.985s] [ 15%] [32mBuilding C object CMakeFiles/motor_msgs__rosidl_generator_c.dir/rosidl_generator_c/motor_msgs/msg/detail/board_status__type_support.c.o[0m
[25.239s] [ 18%] [32mBuilding C object CMakeFiles/motor_msgs__rosidl_generator_c.dir/rosidl_generator_c/motor_msgs/srv/detail/probe_board__functions.c.o[0m
[25.377s] [ 20%] [32mBuilding C object CMakeFiles/motor_msgs__rosidl_generator_c.dir/rosidl_generator_c/motor_msgs/srv/detail/probe_board__type_support.c.o[0m
[25.785s] [ 22%] [32m[1mLinking C shared library libmotor_msgs__rosidl_generator_c.so[0m
[26.040s] [ 22%] Built target motor_msgs__rosidl_generator_c
[26.092s] [ 25%] [34m[1mGenerating C++ type support for eProsima Fast-RTPS[0m
[26.095s] [ 27%] [34m[1mGenerating C type support dispatch for ROS interfaces[0m
[26.098s] [ 29%] [34m[1mGenerating C++ type support dispatch for ROS interfaces[0m
[26.100s] [ 31%] [34m[1mGenerating C type support for eProsima Fast-RTPS[0m
[28.608s] [ 34%] [32mBuilding CXX object CMakeFiles/motor_msgs__rosidl_typesupport_c.dir/rosidl_typesupport_c/motor_msgs/msg/board_status__type_support.cpp.o[0m
[28.614s] [ 36%] [32mBuilding CXX object CMakeFiles/motor_msgs__rosidl_typesupport_cpp.dir/rosidl_typesupport_cpp/motor_msgs/msg/board_status__type_support.cpp.o[0m
[28.996s] [ 38%] [32mBuilding CXX object CMakeFiles/motor_msgs__rosidl_typesupport_c.dir/rosidl_typesupport_c/motor_msgs/srv/probe_board__type_support.cpp.o[0m
[29.336s] [ 40%] [32m[1mLinking CXX shared library libmotor_msgs__rosidl_typesupport_c.so[0m
[29.612s] [ 43%] [32mBuilding CXX object CMakeFiles/motor_msgs__rosidl_typesupport_fastrtps_cpp.dir/rosidl_typesupport_fastrtps_cpp/motor_msgs/msg/detail/dds_fastrtps/board_status__type_support.cpp.o[0m
[29.679s] [ 43%] Built target motor_msgs__rosidl_typesupport_c
[29.721s] [ 45%] [32mBuilding CXX object CMakeFiles/motor_msgs__rosidl_typesupport_fastrtps_c.dir/rosidl_typesupport_fastrtps_c/motor_msgs/msg/detail/board_status__type_support_c.cpp.o[0m
[29.766s] [ 47%] [32mBuilding CXX object CMakeFiles/motor_msgs__rosidl_typesupport_fastrtps_cpp.dir/rosidl_typesupport_fastrtps_cpp/motor_msgs/srv/detail/dds_fastrtps/probe_board__type_support.cpp.o[0m
[32.286s] [ 50%] [32mBuilding CXX object CMakeFiles/motor_msgs__rosidl_typesupport_cpp.dir/rosidl_typesupport_cpp/motor_msgs/srv/probe_board__type_support.cpp.o[0m
[34.526s] [ 52%] [32mBuilding CXX object CMakeFiles/motor_msgs__rosidl_typesupport_fastrtps_c.dir/rosidl_typesupport_fastrtps_c/motor_msgs/srv/detail/probe_board__type_support_c.cpp.o[0m
[34.694s] [ 54%] [34m[1mGenerating C introspection for ROS interfaces[0m
[35.797s] [ 56%] [32m[1mLinking CXX shared library libmotor_msgs__rosidl_typesupport_fastrtps_cpp.so[0m
[36.135s] [ 59%] [32m[1mLinking CXX shared library libmotor_msgs__rosidl_typesupport_cpp.so[0m
[36.636s] [ 59%] Built target motor_msgs__rosidl_typesupport_fastrtps_cpp
[36.695s] [ 61%] [34m[1mGenerating C++ introspection for ROS interfaces[0m
[36.972s] [ 61%] Built target motor_msgs__rosidl_typesupport_cpp
[37.764s] [ 63%] [32mBuilding C object CMakeFiles/motor_msgs__rosidl_typesupport_introspection_c.dir/rosidl_typesupport_introspection_c/motor_msgs/srv/detail/probe_board__type_support.c.o[0m
[37.820s] [ 65%] [32mBuilding C object CMakeFiles/motor_msgs__rosidl_typesupport_introspection_c.dir/rosidl_typesupport_introspection_c/motor_msgs/msg/detail/board_status__type_support.c.o[0m
[38.168s] [ 68%] [32m[1mLinking C shared library libmotor_msgs__rosidl_typesupport_introspection_c.so[0m
[38.394s] [ 68%] Built target motor_msgs__rosidl_typesupport_introspection_c
[39.013s] [ 70%] [32m[1mLinking CXX shared library libmotor_msgs__rosidl_typesupport_fastrtps_c.so[0m
[39.347s] [ 75%] [32mBuilding CXX object CMakeFiles/motor_msgs__rosidl_typesupport_introspection_cpp.dir/rosidl_typesupport_introspection_cpp/motor_msgs/srv/detail/probe_board__type_support.cpp.o[0m
[39.348s] [ 75%] [32mBuilding CXX object CMakeFiles/motor_msgs__rosidl_typesupport_introspection_cpp.dir/rosidl_typesupport_introspection_cpp/motor_msgs/msg/detail/board_status__type_support.cpp.o[0m
[39.712s] [ 75%] Built target motor_msgs__rosidl_typesupport_fastrtps_c
[42.115s] [ 77%] [32m[1mLinking CXX shared library libmotor_msgs__rosidl_typesupport_introspection_cpp.so[0m
[42.725s] [ 77%] Built target motor_msgs__rosidl_typesupport_introspection_cpp
[42.818s] [ 77%] Built target motor_msgs
[42.918s] [ 79%] [34m[1mGenerating Python code for ROS interfaces[0m
[46.474s] [ 79%] Built target motor_msgs__py
[46.574s] [ 84%] [32mBuilding C object CMakeFiles/motor_msgs__rosidl_generator_py.dir/rosidl_generator_py/motor_msgs/msg/_board_status_s.c.o[0m
[46.575s] [ 84%] [32mBuilding C object CMakeFiles/motor_msgs__rosidl_generator_py.dir/rosidl_generator_py/motor_msgs/srv/_probe_board_s.c.o[0m
[47.720s] [ 86%] [32m[1mLinking C shared library libmotor_msgs__rosidl_generator_py.so[0m
[48.036s] [ 86%] Built target motor_msgs__rosidl_generator_py
[48.136s] [ 93%] [32mBuilding C object CMakeFiles/motor_msgs_s__rosidl_typesupport_introspection_c.dir/rosidl_generator_py/motor_msgs/_motor_msgs_s.ep.rosidl_typesupport_introspection_c.c.o[0m
[48.137s] [ 93%] [32mBuilding C object CMakeFiles/motor_msgs_s__rosidl_typesupport_c.dir/rosidl_generator_py/motor_msgs/_motor_msgs_s.ep.rosidl_typesupport_c.c.o[0m
[48.139s] [ 93%] [32mBuilding C object CMakeFiles/motor_msgs_s__rosidl_typesupport_fastrtps_c.dir/rosidl_generator_py/motor_msgs/_motor_msgs_s.ep.rosidl_typesupport_fastrtps_c.c.o[0m
[48.935s] [ 95%] [32m[1mLinking C shared module rosidl_generator_py/motor_msgs/motor_msgs_s__rosidl_typesupport_fastrtps_c.so[0m
[48.946s] [ 97%] [32m[1mLinking C shared module rosidl_generator_py/motor_msgs/motor_msgs_s__rosidl_typesupport_introspection_c.so[0m
[49.009s] [100%] [32m[1mLinking C shared module rosidl_generator_py/motor_msgs/motor_msgs_s__rosidl_typesupport_c.so[0m
[49.207s] [100%] Built target motor_msgs_s__rosidl_typesupport_fastrtps_c
[49.210s] [100%] Built target motor_msgs_s__rosidl_typesupport_introspection_c
[49.231s] [100%] Built target motor_msgs_s__rosidl_typesupport_c
[49.300s] Invoked command in '/home/orangepi/Documents/ros2_motor_demo/build/motor_msgs' returned '0': CMAKE_PREFIX_PATH=${CMAKE_PREFIX_PATH}:/home/orangepi/Documents/ros2_examples/ros2_ws/install/pkg_helloworld_py:/opt/ros/jazzy /usr/bin/cmake --build /home/orangepi/Documents/ros2_motor_demo/build/motor_msgs -- -j4 -l4
[49.358s] Invoking command in '/home/orangepi/Documents/ros2_motor_demo/build/motor_msgs': CMAKE_PREFIX_PATH=${CMAKE_PREFIX_PATH}:/home/orangepi/Documents/ros2_examples/ros2_ws/install/pkg_helloworld_py:/opt/ros/jazzy /usr/bin/cmake --install /home/orangepi/Documents/ros2_motor_demo/build/motor_msgs
[49.402s] -- Install configuration: ""
[49.409s] -- Execute custom install script
[49.411s] -- Symlinking: /home/orangepi/Documents/ros2_motor_demo/install/motor_msgs/share/ament_index/resource_index/rosidl_interfaces/motor_msgs
[49.457s] -- Symlinking: /home/orangepi/Documents/ros2_motor_demo/install/motor_msgs/share/motor_msgs/msg/BoardStatus.json
[49.503s] -- Symlinking: /home/orangepi/Documents/ros2_motor_demo/install/motor_msgs/share/motor_msgs/srv/ProbeBoard.json
[49.549s] -- Symlinking: /home/orangepi/Documents/ros2_motor_demo/install/motor_msgs/include/motor_msgs/motor_msgs/msg/board_status.h
[49.591s] -- Symlinking: /home/orangepi/Documents/ros2_motor_demo/install/motor_msgs/include/motor_msgs/motor_msgs/msg/detail/board_status__functions.h
[49.634s] -- Symlinking: /home/orangepi/Documents/ros2_motor_demo/install/motor_msgs/include/motor_msgs/motor_msgs/msg/detail/board_status__struct.h
[49.678s] -- Symlinking: /home/orangepi/Documents/ros2_motor_demo/install/motor_msgs/include/motor_msgs/motor_msgs/msg/detail/board_status__type_support.h
[49.720s] -- Symlinking: /home/orangepi/Documents/ros2_motor_demo/install/motor_msgs/include/motor_msgs/motor_msgs/msg/rosidl_generator_c__visibility_control.h
[49.763s] -- Symlinking: /home/orangepi/Documents/ros2_motor_demo/install/motor_msgs/include/motor_msgs/motor_msgs/srv/detail/probe_board__functions.h
[49.804s] -- Symlinking: /home/orangepi/Documents/ros2_motor_demo/install/motor_msgs/include/motor_msgs/motor_msgs/srv/detail/probe_board__struct.h
[49.847s] -- Symlinking: /home/orangepi/Documents/ros2_motor_demo/install/motor_msgs/include/motor_msgs/motor_msgs/srv/detail/probe_board__type_support.h
[49.889s] -- Symlinking: /home/orangepi/Documents/ros2_motor_demo/install/motor_msgs/include/motor_msgs/motor_msgs/srv/probe_board.h
[49.931s] -- Symlinking: /home/orangepi/Documents/ros2_motor_demo/install/motor_msgs/share/motor_msgs/environment/library_path.sh
[49.977s] -- Symlinking: /home/orangepi/Documents/ros2_motor_demo/install/motor_msgs/share/motor_msgs/environment/library_path.dsv
[50.022s] -- Symlinking: /home/orangepi/Documents/ros2_motor_demo/install/motor_msgs/include/motor_msgs/motor_msgs/msg/detail/board_status__rosidl_typesupport_fastrtps_c.h
[50.065s] -- Symlinking: /home/orangepi/Documents/ros2_motor_demo/install/motor_msgs/include/motor_msgs/motor_msgs/msg/rosidl_typesupport_fastrtps_c__visibility_control.h
[50.107s] -- Symlinking: /home/orangepi/Documents/ros2_motor_demo/install/motor_msgs/include/motor_msgs/motor_msgs/srv/detail/probe_board__rosidl_typesupport_fastrtps_c.h
[50.150s] -- Symlinking: /home/orangepi/Documents/ros2_motor_demo/install/motor_msgs/include/motor_msgs/motor_msgs/msg/detail/board_status__rosidl_typesupport_introspection_c.h
[50.192s] -- Symlinking: /home/orangepi/Documents/ros2_motor_demo/install/motor_msgs/include/motor_msgs/motor_msgs/msg/rosidl_typesupport_introspection_c__visibility_control.h
[50.235s] -- Symlinking: /home/orangepi/Documents/ros2_motor_demo/install/motor_msgs/include/motor_msgs/motor_msgs/srv/detail/probe_board__rosidl_typesupport_introspection_c.h
[50.280s] -- Symlinking: /home/orangepi/Documents/ros2_motor_demo/install/motor_msgs/include/motor_msgs/motor_msgs/msg/board_status.hpp
[50.322s] -- Symlinking: /home/orangepi/Documents/ros2_motor_demo/install/motor_msgs/include/motor_msgs/motor_msgs/msg/detail/board_status__builder.hpp
[50.364s] -- Symlinking: /home/orangepi/Documents/ros2_motor_demo/install/motor_msgs/include/motor_msgs/motor_msgs/msg/detail/board_status__struct.hpp
[50.406s] -- Symlinking: /home/orangepi/Documents/ros2_motor_demo/install/motor_msgs/include/motor_msgs/motor_msgs/msg/detail/board_status__traits.hpp
[50.449s] -- Symlinking: /home/orangepi/Documents/ros2_motor_demo/install/motor_msgs/include/motor_msgs/motor_msgs/msg/detail/board_status__type_support.hpp
[50.491s] -- Symlinking: /home/orangepi/Documents/ros2_motor_demo/install/motor_msgs/include/motor_msgs/motor_msgs/msg/rosidl_generator_cpp__visibility_control.hpp
[50.532s] -- Symlinking: /home/orangepi/Documents/ros2_motor_demo/install/motor_msgs/include/motor_msgs/motor_msgs/srv/detail/probe_board__builder.hpp
[50.575s] -- Symlinking: /home/orangepi/Documents/ros2_motor_demo/install/motor_msgs/include/motor_msgs/motor_msgs/srv/detail/probe_board__struct.hpp
[50.617s] -- Symlinking: /home/orangepi/Documents/ros2_motor_demo/install/motor_msgs/include/motor_msgs/motor_msgs/srv/detail/probe_board__traits.hpp
[50.659s] -- Symlinking: /home/orangepi/Documents/ros2_motor_demo/install/motor_msgs/include/motor_msgs/motor_msgs/srv/detail/probe_board__type_support.hpp
[50.700s] -- Symlinking: /home/orangepi/Documents/ros2_motor_demo/install/motor_msgs/include/motor_msgs/motor_msgs/srv/probe_board.hpp
[50.744s] -- Symlinking: /home/orangepi/Documents/ros2_motor_demo/install/motor_msgs/include/motor_msgs/motor_msgs/msg/detail/board_status__rosidl_typesupport_fastrtps_cpp.hpp
[50.787s] -- Symlinking: /home/orangepi/Documents/ros2_motor_demo/install/motor_msgs/include/motor_msgs/motor_msgs/msg/rosidl_typesupport_fastrtps_cpp__visibility_control.h
[50.828s] -- Symlinking: /home/orangepi/Documents/ros2_motor_demo/install/motor_msgs/include/motor_msgs/motor_msgs/srv/detail/probe_board__rosidl_typesupport_fastrtps_cpp.hpp
[50.872s] -- Symlinking: /home/orangepi/Documents/ros2_motor_demo/install/motor_msgs/include/motor_msgs/motor_msgs/msg/detail/board_status__rosidl_typesupport_introspection_cpp.hpp
[50.914s] -- Symlinking: /home/orangepi/Documents/ros2_motor_demo/install/motor_msgs/include/motor_msgs/motor_msgs/srv/detail/probe_board__rosidl_typesupport_introspection_cpp.hpp
[50.957s] -- Symlinking: /home/orangepi/Documents/ros2_motor_demo/install/motor_msgs/share/motor_msgs/environment/pythonpath.sh
[51.000s] -- Symlinking: /home/orangepi/Documents/ros2_motor_demo/install/motor_msgs/share/motor_msgs/environment/pythonpath.dsv
[51.043s] -- Symlinking: /home/orangepi/Documents/ros2_motor_demo/install/motor_msgs/lib/python3.12/site-packages/motor_msgs-0.0.0-py3.12.egg-info/PKG-INFO
[51.085s] -- Symlinking: /home/orangepi/Documents/ros2_motor_demo/install/motor_msgs/lib/python3.12/site-packages/motor_msgs-0.0.0-py3.12.egg-info/SOURCES.txt
[51.127s] -- Symlinking: /home/orangepi/Documents/ros2_motor_demo/install/motor_msgs/lib/python3.12/site-packages/motor_msgs-0.0.0-py3.12.egg-info/dependency_links.txt
[51.170s] -- Symlinking: /home/orangepi/Documents/ros2_motor_demo/install/motor_msgs/lib/python3.12/site-packages/motor_msgs-0.0.0-py3.12.egg-info/top_level.txt
[51.215s] -- Symlinking: /home/orangepi/Documents/ros2_motor_demo/install/motor_msgs/lib/python3.12/site-packages/motor_msgs/__init__.py
[51.257s] -- Symlinking: /home/orangepi/Documents/ros2_motor_demo/install/motor_msgs/lib/python3.12/site-packages/motor_msgs/_motor_msgs_s.ep.rosidl_typesupport_c.c
[51.299s] -- Symlinking: /home/orangepi/Documents/ros2_motor_demo/install/motor_msgs/lib/python3.12/site-packages/motor_msgs/_motor_msgs_s.ep.rosidl_typesupport_fastrtps_c.c
[51.341s] -- Symlinking: /home/orangepi/Documents/ros2_motor_demo/install/motor_msgs/lib/python3.12/site-packages/motor_msgs/_motor_msgs_s.ep.rosidl_typesupport_introspection_c.c
[51.383s] -- Symlinking: /home/orangepi/Documents/ros2_motor_demo/install/motor_msgs/lib/python3.12/site-packages/motor_msgs/motor_msgs_s__rosidl_typesupport_c.so
[51.424s] -- Symlinking: /home/orangepi/Documents/ros2_motor_demo/install/motor_msgs/lib/python3.12/site-packages/motor_msgs/motor_msgs_s__rosidl_typesupport_fastrtps_c.so
[51.467s] -- Symlinking: /home/orangepi/Documents/ros2_motor_demo/install/motor_msgs/lib/python3.12/site-packages/motor_msgs/motor_msgs_s__rosidl_typesupport_introspection_c.so
[51.511s] -- Symlinking: /home/orangepi/Documents/ros2_motor_demo/install/motor_msgs/lib/python3.12/site-packages/motor_msgs/msg/__init__.py
[51.555s] -- Symlinking: /home/orangepi/Documents/ros2_motor_demo/install/motor_msgs/lib/python3.12/site-packages/motor_msgs/msg/_board_status.py
[51.601s] -- Symlinking: /home/orangepi/Documents/ros2_motor_demo/install/motor_msgs/lib/python3.12/site-packages/motor_msgs/msg/_board_status_s.c
[51.647s] -- Symlinking: /home/orangepi/Documents/ros2_motor_demo/install/motor_msgs/lib/python3.12/site-packages/motor_msgs/srv/__init__.py
[51.691s] -- Symlinking: /home/orangepi/Documents/ros2_motor_demo/install/motor_msgs/lib/python3.12/site-packages/motor_msgs/srv/_probe_board.py
[51.738s] -- Symlinking: /home/orangepi/Documents/ros2_motor_demo/install/motor_msgs/lib/python3.12/site-packages/motor_msgs/srv/_probe_board_s.c
[51.785s] -- Up-to-date symlink: /home/orangepi/Documents/ros2_motor_demo/install/motor_msgs/lib/python3.12/site-packages/motor_msgs/motor_msgs_s__rosidl_typesupport_fastrtps_c.so
[51.787s] -- Up-to-date symlink: /home/orangepi/Documents/ros2_motor_demo/install/motor_msgs/lib/python3.12/site-packages/motor_msgs/motor_msgs_s__rosidl_typesupport_introspection_c.so
[51.788s] -- Up-to-date symlink: /home/orangepi/Documents/ros2_motor_demo/install/motor_msgs/lib/python3.12/site-packages/motor_msgs/motor_msgs_s__rosidl_typesupport_c.so
[51.789s] -- Symlinking: /home/orangepi/Documents/ros2_motor_demo/install/motor_msgs/share/motor_msgs/msg/BoardStatus.idl
[51.836s] -- Symlinking: /home/orangepi/Documents/ros2_motor_demo/install/motor_msgs/share/motor_msgs/srv/ProbeBoard.idl
[51.882s] -- Symlinking: /home/orangepi/Documents/ros2_motor_demo/install/motor_msgs/share/motor_msgs/msg/BoardStatus.msg
[51.928s] -- Symlinking: /home/orangepi/Documents/ros2_motor_demo/install/motor_msgs/share/motor_msgs/srv/ProbeBoard.srv
[51.975s] -- Symlinking: /home/orangepi/Documents/ros2_motor_demo/install/motor_msgs/share/ament_index/resource_index/package_run_dependencies/motor_msgs
[52.022s] -- Symlinking: /home/orangepi/Documents/ros2_motor_demo/install/motor_msgs/share/ament_index/resource_index/parent_prefix_path/motor_msgs
[52.068s] -- Symlinking: /home/orangepi/Documents/ros2_motor_demo/install/motor_msgs/share/motor_msgs/environment/ament_prefix_path.sh
[52.114s] -- Symlinking: /home/orangepi/Documents/ros2_motor_demo/install/motor_msgs/share/motor_msgs/environment/ament_prefix_path.dsv
[52.161s] -- Symlinking: /home/orangepi/Documents/ros2_motor_demo/install/motor_msgs/share/motor_msgs/environment/path.sh
[52.207s] -- Symlinking: /home/orangepi/Documents/ros2_motor_demo/install/motor_msgs/share/motor_msgs/environment/path.dsv
[52.253s] -- Symlinking: /home/orangepi/Documents/ros2_motor_demo/install/motor_msgs/share/motor_msgs/local_setup.bash
[52.302s] -- Symlinking: /home/orangepi/Documents/ros2_motor_demo/install/motor_msgs/share/motor_msgs/local_setup.sh
[52.348s] -- Symlinking: /home/orangepi/Documents/ros2_motor_demo/install/motor_msgs/share/motor_msgs/local_setup.zsh
[52.393s] -- Symlinking: /home/orangepi/Documents/ros2_motor_demo/install/motor_msgs/share/motor_msgs/local_setup.dsv
[52.435s] -- Symlinking: /home/orangepi/Documents/ros2_motor_demo/install/motor_msgs/share/motor_msgs/package.dsv
[52.478s] -- Symlinking: /home/orangepi/Documents/ros2_motor_demo/install/motor_msgs/share/ament_index/resource_index/packages/motor_msgs
[52.520s] -- Symlinking: /home/orangepi/Documents/ros2_motor_demo/install/motor_msgs/share/motor_msgs/cmake/rosidl_cmake-extras.cmake
[52.564s] -- Symlinking: /home/orangepi/Documents/ros2_motor_demo/install/motor_msgs/share/motor_msgs/cmake/ament_cmake_export_dependencies-extras.cmake
[52.606s] -- Symlinking: /home/orangepi/Documents/ros2_motor_demo/install/motor_msgs/share/motor_msgs/cmake/ament_cmake_export_include_directories-extras.cmake
[52.647s] -- Symlinking: /home/orangepi/Documents/ros2_motor_demo/install/motor_msgs/share/motor_msgs/cmake/ament_cmake_export_libraries-extras.cmake
[52.690s] -- Symlinking: /home/orangepi/Documents/ros2_motor_demo/install/motor_msgs/share/motor_msgs/cmake/ament_cmake_export_targets-extras.cmake
[52.732s] -- Symlinking: /home/orangepi/Documents/ros2_motor_demo/install/motor_msgs/share/motor_msgs/cmake/rosidl_cmake_export_typesupport_targets-extras.cmake
[52.775s] -- Symlinking: /home/orangepi/Documents/ros2_motor_demo/install/motor_msgs/share/motor_msgs/cmake/rosidl_cmake_export_typesupport_libraries-extras.cmake
[52.818s] -- Symlinking: /home/orangepi/Documents/ros2_motor_demo/install/motor_msgs/share/motor_msgs/cmake/motor_msgsConfig.cmake
[52.860s] -- Symlinking: /home/orangepi/Documents/ros2_motor_demo/install/motor_msgs/share/motor_msgs/cmake/motor_msgsConfig-version.cmake
[52.902s] -- Symlinking: /home/orangepi/Documents/ros2_motor_demo/install/motor_msgs/share/motor_msgs/package.xml
[52.944s] -- Installing: /home/orangepi/Documents/ros2_motor_demo/install/motor_msgs/lib/libmotor_msgs__rosidl_generator_c.so
[52.946s] -- Set non-toolchain portion of runtime path of "/home/orangepi/Documents/ros2_motor_demo/install/motor_msgs/lib/libmotor_msgs__rosidl_generator_c.so" to ""
[52.947s] -- Installing: /home/orangepi/Documents/ros2_motor_demo/install/motor_msgs/lib/libmotor_msgs__rosidl_typesupport_fastrtps_c.so
[52.949s] -- Set non-toolchain portion of runtime path of "/home/orangepi/Documents/ros2_motor_demo/install/motor_msgs/lib/libmotor_msgs__rosidl_typesupport_fastrtps_c.so" to ""
[52.950s] -- Installing: /home/orangepi/Documents/ros2_motor_demo/install/motor_msgs/lib/libmotor_msgs__rosidl_typesupport_introspection_c.so
[52.952s] -- Set non-toolchain portion of runtime path of "/home/orangepi/Documents/ros2_motor_demo/install/motor_msgs/lib/libmotor_msgs__rosidl_typesupport_introspection_c.so" to ""
[52.952s] -- Installing: /home/orangepi/Documents/ros2_motor_demo/install/motor_msgs/lib/libmotor_msgs__rosidl_typesupport_c.so
[52.954s] -- Set non-toolchain portion of runtime path of "/home/orangepi/Documents/ros2_motor_demo/install/motor_msgs/lib/libmotor_msgs__rosidl_typesupport_c.so" to ""
[52.954s] -- Installing: /home/orangepi/Documents/ros2_motor_demo/install/motor_msgs/lib/libmotor_msgs__rosidl_typesupport_fastrtps_cpp.so
[52.957s] -- Set non-toolchain portion of runtime path of "/home/orangepi/Documents/ros2_motor_demo/install/motor_msgs/lib/libmotor_msgs__rosidl_typesupport_fastrtps_cpp.so" to ""
[52.958s] -- Installing: /home/orangepi/Documents/ros2_motor_demo/install/motor_msgs/lib/libmotor_msgs__rosidl_typesupport_introspection_cpp.so
[52.960s] -- Set non-toolchain portion of runtime path of "/home/orangepi/Documents/ros2_motor_demo/install/motor_msgs/lib/libmotor_msgs__rosidl_typesupport_introspection_cpp.so" to ""
[52.961s] -- Installing: /home/orangepi/Documents/ros2_motor_demo/install/motor_msgs/lib/libmotor_msgs__rosidl_typesupport_cpp.so
[52.963s] -- Set non-toolchain portion of runtime path of "/home/orangepi/Documents/ros2_motor_demo/install/motor_msgs/lib/libmotor_msgs__rosidl_typesupport_cpp.so" to ""
[53.216s] Listing '/home/orangepi/Documents/ros2_motor_demo/install/motor_msgs/lib/python3.12/site-packages/motor_msgs'...
[53.217s] Compiling '/home/orangepi/Documents/ros2_motor_demo/install/motor_msgs/lib/python3.12/site-packages/motor_msgs/__init__.py'...
[53.218s] Listing '/home/orangepi/Documents/ros2_motor_demo/install/motor_msgs/lib/python3.12/site-packages/motor_msgs/msg'...
[53.218s] Compiling '/home/orangepi/Documents/ros2_motor_demo/install/motor_msgs/lib/python3.12/site-packages/motor_msgs/msg/__init__.py'...
[53.219s] Compiling '/home/orangepi/Documents/ros2_motor_demo/install/motor_msgs/lib/python3.12/site-packages/motor_msgs/msg/_board_status.py'...
[53.219s] Listing '/home/orangepi/Documents/ros2_motor_demo/install/motor_msgs/lib/python3.12/site-packages/motor_msgs/srv'...
[53.220s] Compiling '/home/orangepi/Documents/ros2_motor_demo/install/motor_msgs/lib/python3.12/site-packages/motor_msgs/srv/__init__.py'...
[53.220s] Compiling '/home/orangepi/Documents/ros2_motor_demo/install/motor_msgs/lib/python3.12/site-packages/motor_msgs/srv/_probe_board.py'...
[53.278s] -- Installing: /home/orangepi/Documents/ros2_motor_demo/install/motor_msgs/lib/libmotor_msgs__rosidl_generator_py.so
[53.280s] -- Set non-toolchain portion of runtime path of "/home/orangepi/Documents/ros2_motor_demo/install/motor_msgs/lib/libmotor_msgs__rosidl_generator_py.so" to ""
[53.281s] -- Installing: /home/orangepi/Documents/ros2_motor_demo/install/motor_msgs/share/motor_msgs/cmake/export_motor_msgs__rosidl_generator_cExport.cmake
[53.282s] -- Installing: /home/orangepi/Documents/ros2_motor_demo/install/motor_msgs/share/motor_msgs/cmake/export_motor_msgs__rosidl_generator_cExport-noconfig.cmake
[53.282s] -- Installing: /home/orangepi/Documents/ros2_motor_demo/install/motor_msgs/share/motor_msgs/cmake/export_motor_msgs__rosidl_typesupport_fastrtps_cExport.cmake
[53.283s] -- Installing: /home/orangepi/Documents/ros2_motor_demo/install/motor_msgs/share/motor_msgs/cmake/export_motor_msgs__rosidl_typesupport_fastrtps_cExport-noconfig.cmake
[53.283s] -- Installing: /home/orangepi/Documents/ros2_motor_demo/install/motor_msgs/share/motor_msgs/cmake/motor_msgs__rosidl_typesupport_introspection_cExport.cmake
[53.284s] -- Installing: /home/orangepi/Documents/ros2_motor_demo/install/motor_msgs/share/motor_msgs/cmake/motor_msgs__rosidl_typesupport_introspection_cExport-noconfig.cmake
[53.284s] -- Installing: /home/orangepi/Documents/ros2_motor_demo/install/motor_msgs/share/motor_msgs/cmake/motor_msgs__rosidl_typesupport_cExport.cmake
[53.285s] -- Installing: /home/orangepi/Documents/ros2_motor_demo/install/motor_msgs/share/motor_msgs/cmake/motor_msgs__rosidl_typesupport_cExport-noconfig.cmake
[53.286s] -- Installing: /home/orangepi/Documents/ros2_motor_demo/install/motor_msgs/share/motor_msgs/cmake/export_motor_msgs__rosidl_generator_cppExport.cmake
[53.286s] -- Installing: /home/orangepi/Documents/ros2_motor_demo/install/motor_msgs/share/motor_msgs/cmake/export_motor_msgs__rosidl_typesupport_fastrtps_cppExport.cmake
[53.287s] -- Installing: /home/orangepi/Documents/ros2_motor_demo/install/motor_msgs/share/motor_msgs/cmake/export_motor_msgs__rosidl_typesupport_fastrtps_cppExport-noconfig.cmake
[53.288s] -- Installing: /home/orangepi/Documents/ros2_motor_demo/install/motor_msgs/share/motor_msgs/cmake/motor_msgs__rosidl_typesupport_introspection_cppExport.cmake
[53.288s] -- Installing: /home/orangepi/Documents/ros2_motor_demo/install/motor_msgs/share/motor_msgs/cmake/motor_msgs__rosidl_typesupport_introspection_cppExport-noconfig.cmake
[53.289s] -- Installing: /home/orangepi/Documents/ros2_motor_demo/install/motor_msgs/share/motor_msgs/cmake/motor_msgs__rosidl_typesupport_cppExport.cmake
[53.290s] -- Installing: /home/orangepi/Documents/ros2_motor_demo/install/motor_msgs/share/motor_msgs/cmake/motor_msgs__rosidl_typesupport_cppExport-noconfig.cmake
[53.290s] -- Installing: /home/orangepi/Documents/ros2_motor_demo/install/motor_msgs/share/motor_msgs/cmake/export_motor_msgs__rosidl_generator_pyExport.cmake
[53.291s] -- Installing: /home/orangepi/Documents/ros2_motor_demo/install/motor_msgs/share/motor_msgs/cmake/export_motor_msgs__rosidl_generator_pyExport-noconfig.cmake
[53.305s] Invoked command in '/home/orangepi/Documents/ros2_motor_demo/build/motor_msgs' returned '0': CMAKE_PREFIX_PATH=${CMAKE_PREFIX_PATH}:/home/orangepi/Documents/ros2_examples/ros2_ws/install/pkg_helloworld_py:/opt/ros/jazzy /usr/bin/cmake --install /home/orangepi/Documents/ros2_motor_demo/build/motor_msgs
