[0.079s] Invoking command in '/home/orangepi/Documents/ros2_motor_demo/build/motor_bringup': CMAKE_PREFIX_PATH=/home/orangepi/Documents/ros2_motor_demo/install/motor_hw:/home/orangepi/Documents/ros2_motor_demo/install/motor_msgs:/home/orangepi/Documents/ros2_motor_demo/install/motor_bringup:/opt/ros/jazzy/opt/gz_math_vendor:/opt/ros/jazzy/opt/gz_utils_vendor:/opt/ros/jazzy/opt/gz_cmake_vendor:/home/orangepi/Documents/ros2_examples/ros2_ws/install/pkg_helloworld_py:/opt/ros/jazzy /usr/bin/cmake --build /home/orangepi/Documents/ros2_motor_demo/build/motor_bringup -- -j4 -l4
[0.278s] Invoked command in '/home/orangepi/Documents/ros2_motor_demo/build/motor_bringup' returned '0': CMAKE_PREFIX_PATH=/home/orangepi/Documents/ros2_motor_demo/install/motor_hw:/home/orangepi/Documents/ros2_motor_demo/install/motor_msgs:/home/orangepi/Documents/ros2_motor_demo/install/motor_bringup:/opt/ros/jazzy/opt/gz_math_vendor:/opt/ros/jazzy/opt/gz_utils_vendor:/opt/ros/jazzy/opt/gz_cmake_vendor:/home/orangepi/Documents/ros2_examples/ros2_ws/install/pkg_helloworld_py:/opt/ros/jazzy /usr/bin/cmake --build /home/orangepi/Documents/ros2_motor_demo/build/motor_bringup -- -j4 -l4
[0.327s] Invoking command in '/home/orangepi/Documents/ros2_motor_demo/build/motor_bringup': CMAKE_PREFIX_PATH=/home/orangepi/Documents/ros2_motor_demo/install/motor_hw:/home/orangepi/Documents/ros2_motor_demo/install/motor_msgs:/home/orangepi/Documents/ros2_motor_demo/install/motor_bringup:/opt/ros/jazzy/opt/gz_math_vendor:/opt/ros/jazzy/opt/gz_utils_vendor:/opt/ros/jazzy/opt/gz_cmake_vendor:/home/orangepi/Documents/ros2_examples/ros2_ws/install/pkg_helloworld_py:/opt/ros/jazzy /usr/bin/cmake --install /home/orangepi/Documents/ros2_motor_demo/build/motor_bringup
[0.365s] -- Install configuration: ""
[0.367s] -- Execute custom install script
[0.369s] -- Symlinking: /home/orangepi/Documents/ros2_motor_demo/install/motor_bringup/share/motor_bringup/launch/probe_board.launch.py
[0.414s] -- Up-to-date symlink: /home/orangepi/Documents/ros2_motor_demo/install/motor_bringup/share/motor_bringup/config/board.yaml
[0.415s] -- Up-to-date symlink: /home/orangepi/Documents/ros2_motor_demo/install/motor_bringup/share/ament_index/resource_index/package_run_dependencies/motor_bringup
[0.416s] -- Up-to-date symlink: /home/orangepi/Documents/ros2_motor_demo/install/motor_bringup/share/ament_index/resource_index/parent_prefix_path/motor_bringup
[0.417s] -- Up-to-date symlink: /home/orangepi/Documents/ros2_motor_demo/install/motor_bringup/share/motor_bringup/environment/ament_prefix_path.sh
[0.418s] -- Up-to-date symlink: /home/orangepi/Documents/ros2_motor_demo/install/motor_bringup/share/motor_bringup/environment/ament_prefix_path.dsv
[0.419s] -- Up-to-date symlink: /home/orangepi/Documents/ros2_motor_demo/install/motor_bringup/share/motor_bringup/environment/path.sh
[0.420s] -- Up-to-date symlink: /home/orangepi/Documents/ros2_motor_demo/install/motor_bringup/share/motor_bringup/environment/path.dsv
[0.421s] -- Up-to-date symlink: /home/orangepi/Documents/ros2_motor_demo/install/motor_bringup/share/motor_bringup/local_setup.bash
[0.422s] -- Up-to-date symlink: /home/orangepi/Documents/ros2_motor_demo/install/motor_bringup/share/motor_bringup/local_setup.sh
[0.423s] -- Up-to-date symlink: /home/orangepi/Documents/ros2_motor_demo/install/motor_bringup/share/motor_bringup/local_setup.zsh
[0.424s] -- Up-to-date symlink: /home/orangepi/Documents/ros2_motor_demo/install/motor_bringup/share/motor_bringup/local_setup.dsv
[0.425s] -- Symlinking: /home/orangepi/Documents/ros2_motor_demo/install/motor_bringup/share/motor_bringup/package.dsv
[0.469s] -- Up-to-date symlink: /home/orangepi/Documents/ros2_motor_demo/install/motor_bringup/share/ament_index/resource_index/packages/motor_bringup
[0.470s] -- Up-to-date symlink: /home/orangepi/Documents/ros2_motor_demo/install/motor_bringup/share/motor_bringup/cmake/motor_bringupConfig.cmake
[0.471s] -- Up-to-date symlink: /home/orangepi/Documents/ros2_motor_demo/install/motor_bringup/share/motor_bringup/cmake/motor_bringupConfig-version.cmake
[0.472s] -- Up-to-date symlink: /home/orangepi/Documents/ros2_motor_demo/install/motor_bringup/share/motor_bringup/package.xml
[0.481s] Invoked command in '/home/orangepi/Documents/ros2_motor_demo/build/motor_bringup' returned '0': CMAKE_PREFIX_PATH=/home/orangepi/Documents/ros2_motor_demo/install/motor_hw:/home/orangepi/Documents/ros2_motor_demo/install/motor_msgs:/home/orangepi/Documents/ros2_motor_demo/install/motor_bringup:/opt/ros/jazzy/opt/gz_math_vendor:/opt/ros/jazzy/opt/gz_utils_vendor:/opt/ros/jazzy/opt/gz_cmake_vendor:/home/orangepi/Documents/ros2_examples/ros2_ws/install/pkg_helloworld_py:/opt/ros/jazzy /usr/bin/cmake --install /home/orangepi/Documents/ros2_motor_demo/build/motor_bringup
