-- The C compiler identification is GNU 13.3.0
-- The CXX compiler identification is GNU 13.3.0
-- Detecting C compiler ABI info
-- Detecting C compiler ABI info - done
-- Check for working C compiler: /usr/bin/cc - skipped
-- Detecting C compile features
-- Detecting C compile features - done
-- Detecting CXX compiler ABI info
-- Detecting CXX compiler ABI info - done
-- Check for working CXX compiler: /usr/bin/c++ - skipped
-- Detecting CXX compile features
-- Detecting CXX compile features - done
-- Found ament_cmake: 2.5.4 (/opt/ros/jazzy/share/ament_cmake/cmake)
-- Found Python3: /usr/bin/python3 (found version "3.12.3") found components: Interpreter 
-- Override CMake install command with custom implementation using symlinks instead of copying resources
-- Configuring done (4.4s)
-- Generating done (0.0s)
-- Build files have been written to: /home/orangepi/Documents/ros2_motor_demo/build/motor_bringup
-- Install configuration: ""
-- Execute custom install script
-- Symlinking: /home/orangepi/Documents/ros2_motor_demo/install/motor_bringup/share/motor_bringup/launch/launch.py
-- Symlinking: /home/orangepi/Documents/ros2_motor_demo/install/motor_bringup/share/motor_bringup/config/board.yaml
-- Symlinking: /home/orangepi/Documents/ros2_motor_demo/install/motor_bringup/share/ament_index/resource_index/package_run_dependencies/motor_bringup
-- Symlinking: /home/orangepi/Documents/ros2_motor_demo/install/motor_bringup/share/ament_index/resource_index/parent_prefix_path/motor_bringup
-- Symlinking: /home/orangepi/Documents/ros2_motor_demo/install/motor_bringup/share/motor_bringup/environment/ament_prefix_path.sh
-- Symlinking: /home/orangepi/Documents/ros2_motor_demo/install/motor_bringup/share/motor_bringup/environment/ament_prefix_path.dsv
-- Symlinking: /home/orangepi/Documents/ros2_motor_demo/install/motor_bringup/share/motor_bringup/environment/path.sh
-- Symlinking: /home/orangepi/Documents/ros2_motor_demo/install/motor_bringup/share/motor_bringup/environment/path.dsv
-- Symlinking: /home/orangepi/Documents/ros2_motor_demo/install/motor_bringup/share/motor_bringup/local_setup.bash
-- Symlinking: /home/orangepi/Documents/ros2_motor_demo/install/motor_bringup/share/motor_bringup/local_setup.sh
-- Symlinking: /home/orangepi/Documents/ros2_motor_demo/install/motor_bringup/share/motor_bringup/local_setup.zsh
-- Symlinking: /home/orangepi/Documents/ros2_motor_demo/install/motor_bringup/share/motor_bringup/local_setup.dsv
-- Symlinking: /home/orangepi/Documents/ros2_motor_demo/install/motor_bringup/share/motor_bringup/package.dsv
-- Symlinking: /home/orangepi/Documents/ros2_motor_demo/install/motor_bringup/share/ament_index/resource_index/packages/motor_bringup
-- Symlinking: /home/orangepi/Documents/ros2_motor_demo/install/motor_bringup/share/motor_bringup/cmake/motor_bringupConfig.cmake
-- Symlinking: /home/orangepi/Documents/ros2_motor_demo/install/motor_bringup/share/motor_bringup/cmake/motor_bringupConfig-version.cmake
-- Symlinking: /home/orangepi/Documents/ros2_motor_demo/install/motor_bringup/share/motor_bringup/package.xml
