[0.048s] Invoking command in '/home/orangepi/Documents/ros2_motor_demo/build/motor_bringup': AMENT_PREFIX_PATH=/home/orangepi/Documents/ros2_motor_demo/install/motor_hw:/home/orangepi/Documents/ros2_motor_demo/install/motor_msgs:${AMENT_PREFIX_PATH} CMAKE_PREFIX_PATH=/home/orangepi/Documents/ros2_motor_demo/install/motor_hw:/home/orangepi/Documents/ros2_motor_demo/install/motor_msgs:/opt/ros/jazzy/opt/gz_math_vendor:/opt/ros/jazzy/opt/gz_utils_vendor:/opt/ros/jazzy/opt/gz_cmake_vendor:/home/orangepi/Documents/ros2_examples/ros2_ws/install/pkg_helloworld_py:/opt/ros/jazzy LD_LIBRARY_PATH=/home/orangepi/Documents/ros2_motor_demo/install/motor_msgs/lib:${LD_LIBRARY_PATH} PYTHONPATH=/home/orangepi/Documents/ros2_motor_demo/install/motor_msgs/lib/python3.12/site-packages:${PYTHONPATH} /usr/bin/cmake /home/orangepi/Documents/ros2_motor_demo/src/motor_bringup -DAMENT_CMAKE_SYMLINK_INSTALL=1 -DCMAKE_INSTALL_PREFIX=/home/orangepi/Documents/ros2_motor_demo/install/motor_bringup
[0.431s] -- The C compiler identification is GNU 13.3.0
[0.819s] -- The CXX compiler identification is GNU 13.3.0
[0.886s] -- Detecting C compiler ABI info
[1.409s] -- Detecting C compiler ABI info - done
[1.484s] -- Check for working C compiler: /usr/bin/cc - skipped
[1.485s] -- Detecting C compile features
[1.488s] -- Detecting C compile features - done
[1.529s] -- Detecting CXX compiler ABI info
[2.119s] -- Detecting CXX compiler ABI info - done
[2.192s] -- Check for working CXX compiler: /usr/bin/c++ - skipped
[2.193s] -- Detecting CXX compile features
[2.197s] -- Detecting CXX compile features - done
[2.209s] -- Found ament_cmake: 2.5.4 (/opt/ros/jazzy/share/ament_cmake/cmake)
[3.091s] -- Found Python3: /usr/bin/python3 (found version "3.12.3") found components: Interpreter 
[3.590s] -- Override CMake install command with custom implementation using symlinks instead of copying resources
[4.470s] -- Configuring done (4.4s)
[4.485s] -- Generating done (0.0s)
[4.494s] -- Build files have been written to: /home/orangepi/Documents/ros2_motor_demo/build/motor_bringup
[4.527s] Invoked command in '/home/orangepi/Documents/ros2_motor_demo/build/motor_bringup' returned '0': AMENT_PREFIX_PATH=/home/orangepi/Documents/ros2_motor_demo/install/motor_hw:/home/orangepi/Documents/ros2_motor_demo/install/motor_msgs:${AMENT_PREFIX_PATH} CMAKE_PREFIX_PATH=/home/orangepi/Documents/ros2_motor_demo/install/motor_hw:/home/orangepi/Documents/ros2_motor_demo/install/motor_msgs:/opt/ros/jazzy/opt/gz_math_vendor:/opt/ros/jazzy/opt/gz_utils_vendor:/opt/ros/jazzy/opt/gz_cmake_vendor:/home/orangepi/Documents/ros2_examples/ros2_ws/install/pkg_helloworld_py:/opt/ros/jazzy LD_LIBRARY_PATH=/home/orangepi/Documents/ros2_motor_demo/install/motor_msgs/lib:${LD_LIBRARY_PATH} PYTHONPATH=/home/orangepi/Documents/ros2_motor_demo/install/motor_msgs/lib/python3.12/site-packages:${PYTHONPATH} /usr/bin/cmake /home/orangepi/Documents/ros2_motor_demo/src/motor_bringup -DAMENT_CMAKE_SYMLINK_INSTALL=1 -DCMAKE_INSTALL_PREFIX=/home/orangepi/Documents/ros2_motor_demo/install/motor_bringup
[4.532s] Invoking command in '/home/orangepi/Documents/ros2_motor_demo/build/motor_bringup': AMENT_PREFIX_PATH=/home/orangepi/Documents/ros2_motor_demo/install/motor_hw:/home/orangepi/Documents/ros2_motor_demo/install/motor_msgs:${AMENT_PREFIX_PATH} CMAKE_PREFIX_PATH=/home/orangepi/Documents/ros2_motor_demo/install/motor_hw:/home/orangepi/Documents/ros2_motor_demo/install/motor_msgs:/opt/ros/jazzy/opt/gz_math_vendor:/opt/ros/jazzy/opt/gz_utils_vendor:/opt/ros/jazzy/opt/gz_cmake_vendor:/home/orangepi/Documents/ros2_examples/ros2_ws/install/pkg_helloworld_py:/opt/ros/jazzy LD_LIBRARY_PATH=/home/orangepi/Documents/ros2_motor_demo/install/motor_msgs/lib:${LD_LIBRARY_PATH} PYTHONPATH=/home/orangepi/Documents/ros2_motor_demo/install/motor_msgs/lib/python3.12/site-packages:${PYTHONPATH} /usr/bin/cmake --build /home/orangepi/Documents/ros2_motor_demo/build/motor_bringup -- -j4 -l4
[4.751s] Invoked command in '/home/orangepi/Documents/ros2_motor_demo/build/motor_bringup' returned '0': AMENT_PREFIX_PATH=/home/orangepi/Documents/ros2_motor_demo/install/motor_hw:/home/orangepi/Documents/ros2_motor_demo/install/motor_msgs:${AMENT_PREFIX_PATH} CMAKE_PREFIX_PATH=/home/orangepi/Documents/ros2_motor_demo/install/motor_hw:/home/orangepi/Documents/ros2_motor_demo/install/motor_msgs:/opt/ros/jazzy/opt/gz_math_vendor:/opt/ros/jazzy/opt/gz_utils_vendor:/opt/ros/jazzy/opt/gz_cmake_vendor:/home/orangepi/Documents/ros2_examples/ros2_ws/install/pkg_helloworld_py:/opt/ros/jazzy LD_LIBRARY_PATH=/home/orangepi/Documents/ros2_motor_demo/install/motor_msgs/lib:${LD_LIBRARY_PATH} PYTHONPATH=/home/orangepi/Documents/ros2_motor_demo/install/motor_msgs/lib/python3.12/site-packages:${PYTHONPATH} /usr/bin/cmake --build /home/orangepi/Documents/ros2_motor_demo/build/motor_bringup -- -j4 -l4
[4.757s] Invoking command in '/home/orangepi/Documents/ros2_motor_demo/build/motor_bringup': AMENT_PREFIX_PATH=/home/orangepi/Documents/ros2_motor_demo/install/motor_hw:/home/orangepi/Documents/ros2_motor_demo/install/motor_msgs:${AMENT_PREFIX_PATH} CMAKE_PREFIX_PATH=/home/orangepi/Documents/ros2_motor_demo/install/motor_hw:/home/orangepi/Documents/ros2_motor_demo/install/motor_msgs:/opt/ros/jazzy/opt/gz_math_vendor:/opt/ros/jazzy/opt/gz_utils_vendor:/opt/ros/jazzy/opt/gz_cmake_vendor:/home/orangepi/Documents/ros2_examples/ros2_ws/install/pkg_helloworld_py:/opt/ros/jazzy LD_LIBRARY_PATH=/home/orangepi/Documents/ros2_motor_demo/install/motor_msgs/lib:${LD_LIBRARY_PATH} PYTHONPATH=/home/orangepi/Documents/ros2_motor_demo/install/motor_msgs/lib/python3.12/site-packages:${PYTHONPATH} /usr/bin/cmake --install /home/orangepi/Documents/ros2_motor_demo/build/motor_bringup
[4.797s] -- Install configuration: ""
[4.800s] -- Execute custom install script
[4.803s] -- Symlinking: /home/orangepi/Documents/ros2_motor_demo/install/motor_bringup/share/motor_bringup/launch/launch.py
[4.851s] -- Symlinking: /home/orangepi/Documents/ros2_motor_demo/install/motor_bringup/share/motor_bringup/config/board.yaml
[4.894s] -- Symlinking: /home/orangepi/Documents/ros2_motor_demo/install/motor_bringup/share/ament_index/resource_index/package_run_dependencies/motor_bringup
[4.941s] -- Symlinking: /home/orangepi/Documents/ros2_motor_demo/install/motor_bringup/share/ament_index/resource_index/parent_prefix_path/motor_bringup
[4.988s] -- Symlinking: /home/orangepi/Documents/ros2_motor_demo/install/motor_bringup/share/motor_bringup/environment/ament_prefix_path.sh
[5.030s] -- Symlinking: /home/orangepi/Documents/ros2_motor_demo/install/motor_bringup/share/motor_bringup/environment/ament_prefix_path.dsv
[5.074s] -- Symlinking: /home/orangepi/Documents/ros2_motor_demo/install/motor_bringup/share/motor_bringup/environment/path.sh
[5.116s] -- Symlinking: /home/orangepi/Documents/ros2_motor_demo/install/motor_bringup/share/motor_bringup/environment/path.dsv
[5.159s] -- Symlinking: /home/orangepi/Documents/ros2_motor_demo/install/motor_bringup/share/motor_bringup/local_setup.bash
[5.204s] -- Symlinking: /home/orangepi/Documents/ros2_motor_demo/install/motor_bringup/share/motor_bringup/local_setup.sh
[5.247s] -- Symlinking: /home/orangepi/Documents/ros2_motor_demo/install/motor_bringup/share/motor_bringup/local_setup.zsh
[5.289s] -- Symlinking: /home/orangepi/Documents/ros2_motor_demo/install/motor_bringup/share/motor_bringup/local_setup.dsv
[5.332s] -- Symlinking: /home/orangepi/Documents/ros2_motor_demo/install/motor_bringup/share/motor_bringup/package.dsv
[5.376s] -- Symlinking: /home/orangepi/Documents/ros2_motor_demo/install/motor_bringup/share/ament_index/resource_index/packages/motor_bringup
[5.420s] -- Symlinking: /home/orangepi/Documents/ros2_motor_demo/install/motor_bringup/share/motor_bringup/cmake/motor_bringupConfig.cmake
[5.463s] -- Symlinking: /home/orangepi/Documents/ros2_motor_demo/install/motor_bringup/share/motor_bringup/cmake/motor_bringupConfig-version.cmake
[5.505s] -- Symlinking: /home/orangepi/Documents/ros2_motor_demo/install/motor_bringup/share/motor_bringup/package.xml
[5.557s] Invoked command in '/home/orangepi/Documents/ros2_motor_demo/build/motor_bringup' returned '0': AMENT_PREFIX_PATH=/home/orangepi/Documents/ros2_motor_demo/install/motor_hw:/home/orangepi/Documents/ros2_motor_demo/install/motor_msgs:${AMENT_PREFIX_PATH} CMAKE_PREFIX_PATH=/home/orangepi/Documents/ros2_motor_demo/install/motor_hw:/home/orangepi/Documents/ros2_motor_demo/install/motor_msgs:/opt/ros/jazzy/opt/gz_math_vendor:/opt/ros/jazzy/opt/gz_utils_vendor:/opt/ros/jazzy/opt/gz_cmake_vendor:/home/orangepi/Documents/ros2_examples/ros2_ws/install/pkg_helloworld_py:/opt/ros/jazzy LD_LIBRARY_PATH=/home/orangepi/Documents/ros2_motor_demo/install/motor_msgs/lib:${LD_LIBRARY_PATH} PYTHONPATH=/home/orangepi/Documents/ros2_motor_demo/install/motor_msgs/lib/python3.12/site-packages:${PYTHONPATH} /usr/bin/cmake --install /home/orangepi/Documents/ros2_motor_demo/build/motor_bringup
