[0.712s] DEBUG:colcon:Command line arguments: ['/usr/bin/colcon', 'build', '--symlink-install', '--packages-select', 'motor_bringup']
[0.712s] DEBUG:colcon:Parsed command line arguments: Namespace(log_base=None, log_level=None, verb_name='build', build_base='build', install_base='install', merge_install=False, symlink_install=True, test_result_base=None, continue_on_error=False, executor='parallel', parallel_workers=4, event_handlers=None, ignore_user_meta=False, metas=['./colcon.meta'], base_paths=['.'], packages_ignore=None, packages_ignore_regex=None, paths=None, packages_up_to=None, packages_up_to_regex=None, packages_above=None, packages_above_and_dependencies=None, packages_above_depth=None, packages_select_by_dep=None, packages_skip_by_dep=None, packages_skip_up_to=None, packages_select_build_failed=False, packages_skip_build_finished=False, packages_select_test_failures=False, packages_skip_test_passed=False, packages_select=['motor_bringup'], packages_skip=None, packages_select_regex=None, packages_skip_regex=None, packages_start=None, packages_end=None, cmake_args=None, cmake_target=None, cmake_target_skip_unavailable=False, cmake_clean_cache=False, cmake_clean_first=False, cmake_force_configure=False, ament_cmake_args=None, catkin_cmake_args=None, catkin_skip_building_tests=False, mixin_files=None, mixin=None, verb_parser=<colcon_mixin.mixin.mixin_argument.MixinArgumentDecorator object at 0xffffa4634380>, verb_extension=<colcon_core.verb.build.BuildVerb object at 0xffffa4814d70>, main=<bound method BuildVerb.main of <colcon_core.verb.build.BuildVerb object at 0xffffa4814d70>>, mixin_verb=('build',))
[0.973s] Level 1:colcon.colcon_core.package_discovery:discover_packages(colcon_meta) check parameters
[0.973s] Level 1:colcon.colcon_core.package_discovery:discover_packages(recursive) check parameters
[0.974s] Level 1:colcon.colcon_core.package_discovery:discover_packages(ignore) check parameters
[0.974s] Level 1:colcon.colcon_core.package_discovery:discover_packages(path) check parameters
[0.974s] Level 1:colcon.colcon_core.package_discovery:discover_packages(colcon_meta) discover
[0.975s] Level 1:colcon.colcon_core.package_discovery:discover_packages(recursive) discover
[0.975s] INFO:colcon.colcon_core.package_discovery:Crawling recursively for packages in '/home/orangepi/Documents/ros2_motor_demo'
[0.975s] Level 1:colcon.colcon_core.package_identification:_identify(.) by extensions ['ignore', 'ignore_ament_install']
[0.976s] Level 1:colcon.colcon_core.package_identification:_identify(.) by extension 'ignore'
[0.976s] Level 1:colcon.colcon_core.package_identification:_identify(.) by extension 'ignore_ament_install'
[0.976s] Level 1:colcon.colcon_core.package_identification:_identify(.) by extensions ['colcon_pkg']
[0.976s] Level 1:colcon.colcon_core.package_identification:_identify(.) by extension 'colcon_pkg'
[0.977s] Level 1:colcon.colcon_core.package_identification:_identify(.) by extensions ['colcon_meta']
[0.977s] Level 1:colcon.colcon_core.package_identification:_identify(.) by extension 'colcon_meta'
[0.977s] Level 1:colcon.colcon_core.package_identification:_identify(.) by extensions ['ros']
[0.977s] Level 1:colcon.colcon_core.package_identification:_identify(.) by extension 'ros'
[1.162s] Level 1:colcon.colcon_core.package_identification:_identify(.) by extensions ['cmake', 'python']
[1.163s] Level 1:colcon.colcon_core.package_identification:_identify(.) by extension 'cmake'
[1.163s] Level 1:colcon.colcon_core.package_identification:_identify(.) by extension 'python'
[1.163s] Level 1:colcon.colcon_core.package_identification:_identify(.) by extensions ['python_setup_py']
[1.163s] Level 1:colcon.colcon_core.package_identification:_identify(.) by extension 'python_setup_py'
[1.164s] Level 1:colcon.colcon_core.package_identification:_identify(build) by extensions ['ignore', 'ignore_ament_install']
[1.164s] Level 1:colcon.colcon_core.package_identification:_identify(build) by extension 'ignore'
[1.165s] Level 1:colcon.colcon_core.package_identification:_identify(build) ignored
[1.166s] Level 1:colcon.colcon_core.package_identification:_identify(install) by extensions ['ignore', 'ignore_ament_install']
[1.166s] Level 1:colcon.colcon_core.package_identification:_identify(install) by extension 'ignore'
[1.166s] Level 1:colcon.colcon_core.package_identification:_identify(install) ignored
[1.167s] Level 1:colcon.colcon_core.package_identification:_identify(log) by extensions ['ignore', 'ignore_ament_install']
[1.167s] Level 1:colcon.colcon_core.package_identification:_identify(log) by extension 'ignore'
[1.167s] Level 1:colcon.colcon_core.package_identification:_identify(log) ignored
[1.168s] Level 1:colcon.colcon_core.package_identification:_identify(src) by extensions ['ignore', 'ignore_ament_install']
[1.168s] Level 1:colcon.colcon_core.package_identification:_identify(src) by extension 'ignore'
[1.168s] Level 1:colcon.colcon_core.package_identification:_identify(src) by extension 'ignore_ament_install'
[1.169s] Level 1:colcon.colcon_core.package_identification:_identify(src) by extensions ['colcon_pkg']
[1.169s] Level 1:colcon.colcon_core.package_identification:_identify(src) by extension 'colcon_pkg'
[1.169s] Level 1:colcon.colcon_core.package_identification:_identify(src) by extensions ['colcon_meta']
[1.169s] Level 1:colcon.colcon_core.package_identification:_identify(src) by extension 'colcon_meta'
[1.169s] Level 1:colcon.colcon_core.package_identification:_identify(src) by extensions ['ros']
[1.170s] Level 1:colcon.colcon_core.package_identification:_identify(src) by extension 'ros'
[1.170s] Level 1:colcon.colcon_core.package_identification:_identify(src) by extensions ['cmake', 'python']
[1.170s] Level 1:colcon.colcon_core.package_identification:_identify(src) by extension 'cmake'
[1.170s] Level 1:colcon.colcon_core.package_identification:_identify(src) by extension 'python'
[1.171s] Level 1:colcon.colcon_core.package_identification:_identify(src) by extensions ['python_setup_py']
[1.171s] Level 1:colcon.colcon_core.package_identification:_identify(src) by extension 'python_setup_py'
[1.171s] Level 1:colcon.colcon_core.package_identification:_identify(src/motor_bringup) by extensions ['ignore', 'ignore_ament_install']
[1.172s] Level 1:colcon.colcon_core.package_identification:_identify(src/motor_bringup) by extension 'ignore'
[1.172s] Level 1:colcon.colcon_core.package_identification:_identify(src/motor_bringup) by extension 'ignore_ament_install'
[1.172s] Level 1:colcon.colcon_core.package_identification:_identify(src/motor_bringup) by extensions ['colcon_pkg']
[1.172s] Level 1:colcon.colcon_core.package_identification:_identify(src/motor_bringup) by extension 'colcon_pkg'
[1.173s] Level 1:colcon.colcon_core.package_identification:_identify(src/motor_bringup) by extensions ['colcon_meta']
[1.173s] Level 1:colcon.colcon_core.package_identification:_identify(src/motor_bringup) by extension 'colcon_meta'
[1.173s] Level 1:colcon.colcon_core.package_identification:_identify(src/motor_bringup) by extensions ['ros']
[1.173s] Level 1:colcon.colcon_core.package_identification:_identify(src/motor_bringup) by extension 'ros'
[1.186s] DEBUG:colcon.colcon_core.package_identification:Package 'src/motor_bringup' with type 'ros.ament_cmake' and name 'motor_bringup'
[1.187s] Level 1:colcon.colcon_core.package_identification:_identify(src/motor_hw) by extensions ['ignore', 'ignore_ament_install']
[1.187s] Level 1:colcon.colcon_core.package_identification:_identify(src/motor_hw) by extension 'ignore'
[1.188s] Level 1:colcon.colcon_core.package_identification:_identify(src/motor_hw) by extension 'ignore_ament_install'
[1.188s] Level 1:colcon.colcon_core.package_identification:_identify(src/motor_hw) by extensions ['colcon_pkg']
[1.188s] Level 1:colcon.colcon_core.package_identification:_identify(src/motor_hw) by extension 'colcon_pkg'
[1.189s] Level 1:colcon.colcon_core.package_identification:_identify(src/motor_hw) by extensions ['colcon_meta']
[1.189s] Level 1:colcon.colcon_core.package_identification:_identify(src/motor_hw) by extension 'colcon_meta'
[1.189s] Level 1:colcon.colcon_core.package_identification:_identify(src/motor_hw) by extensions ['ros']
[1.189s] Level 1:colcon.colcon_core.package_identification:_identify(src/motor_hw) by extension 'ros'
[1.194s] DEBUG:colcon.colcon_core.package_identification:Package 'src/motor_hw' with type 'ros.ament_cmake' and name 'motor_hw'
[1.195s] Level 1:colcon.colcon_core.package_identification:_identify(src/motor_msgs) by extensions ['ignore', 'ignore_ament_install']
[1.195s] Level 1:colcon.colcon_core.package_identification:_identify(src/motor_msgs) by extension 'ignore'
[1.195s] Level 1:colcon.colcon_core.package_identification:_identify(src/motor_msgs) by extension 'ignore_ament_install'
[1.196s] Level 1:colcon.colcon_core.package_identification:_identify(src/motor_msgs) by extensions ['colcon_pkg']
[1.196s] Level 1:colcon.colcon_core.package_identification:_identify(src/motor_msgs) by extension 'colcon_pkg'
[1.196s] Level 1:colcon.colcon_core.package_identification:_identify(src/motor_msgs) by extensions ['colcon_meta']
[1.196s] Level 1:colcon.colcon_core.package_identification:_identify(src/motor_msgs) by extension 'colcon_meta'
[1.197s] Level 1:colcon.colcon_core.package_identification:_identify(src/motor_msgs) by extensions ['ros']
[1.197s] Level 1:colcon.colcon_core.package_identification:_identify(src/motor_msgs) by extension 'ros'
[1.200s] DEBUG:colcon.colcon_core.package_identification:Package 'src/motor_msgs' with type 'ros.ament_cmake' and name 'motor_msgs'
[1.200s] Level 1:colcon.colcon_core.package_discovery:discover_packages(recursive) using defaults
[1.200s] Level 1:colcon.colcon_core.package_discovery:discover_packages(ignore) discover
[1.200s] Level 1:colcon.colcon_core.package_discovery:discover_packages(ignore) using defaults
[1.200s] Level 1:colcon.colcon_core.package_discovery:discover_packages(path) discover
[1.201s] Level 1:colcon.colcon_core.package_discovery:discover_packages(path) using defaults
[1.307s] INFO:colcon.colcon_core.package_selection:Skipping not selected package 'motor_msgs' in 'src/motor_msgs'
[1.307s] INFO:colcon.colcon_core.package_selection:Skipping not selected package 'motor_hw' in 'src/motor_hw'
[1.310s] Level 5:colcon.colcon_core.verb:set package 'motor_bringup' build argument 'cmake_args' from command line to 'None'
[1.310s] Level 5:colcon.colcon_core.verb:set package 'motor_bringup' build argument 'cmake_target' from command line to 'None'
[1.310s] Level 5:colcon.colcon_core.verb:set package 'motor_bringup' build argument 'cmake_target_skip_unavailable' from command line to 'False'
[1.310s] Level 5:colcon.colcon_core.verb:set package 'motor_bringup' build argument 'cmake_clean_cache' from command line to 'False'
[1.310s] Level 5:colcon.colcon_core.verb:set package 'motor_bringup' build argument 'cmake_clean_first' from command line to 'False'
[1.310s] Level 5:colcon.colcon_core.verb:set package 'motor_bringup' build argument 'cmake_force_configure' from command line to 'False'
[1.310s] Level 5:colcon.colcon_core.verb:set package 'motor_bringup' build argument 'ament_cmake_args' from command line to 'None'
[1.311s] Level 5:colcon.colcon_core.verb:set package 'motor_bringup' build argument 'catkin_cmake_args' from command line to 'None'
[1.311s] Level 5:colcon.colcon_core.verb:set package 'motor_bringup' build argument 'catkin_skip_building_tests' from command line to 'False'
[1.311s] DEBUG:colcon.colcon_core.verb:Building package 'motor_bringup' with the following arguments: {'ament_cmake_args': None, 'build_base': '/home/orangepi/Documents/ros2_motor_demo/build/motor_bringup', 'catkin_cmake_args': None, 'catkin_skip_building_tests': False, 'cmake_args': None, 'cmake_clean_cache': False, 'cmake_clean_first': False, 'cmake_force_configure': False, 'cmake_target': None, 'cmake_target_skip_unavailable': False, 'install_base': '/home/orangepi/Documents/ros2_motor_demo/install/motor_bringup', 'merge_install': False, 'path': '/home/orangepi/Documents/ros2_motor_demo/src/motor_bringup', 'symlink_install': True, 'test_result_base': None}
[1.312s] INFO:colcon.colcon_core.executor:Executing jobs using 'parallel' executor
[1.317s] DEBUG:colcon.colcon_parallel_executor.executor.parallel:run_until_complete
[1.319s] INFO:colcon.colcon_ros.task.ament_cmake.build:Building ROS package in '/home/orangepi/Documents/ros2_motor_demo/src/motor_bringup' with build type 'ament_cmake'
[1.319s] INFO:colcon.colcon_cmake.task.cmake.build:Building CMake package in '/home/orangepi/Documents/ros2_motor_demo/src/motor_bringup'
[1.331s] INFO:colcon.colcon_core.plugin_system:Skipping extension 'colcon_core.shell.bat': Not used on non-Windows systems
[1.332s] INFO:colcon.colcon_core.shell:Skip shell extension 'powershell' for command environment: Not usable outside of PowerShell
[1.332s] DEBUG:colcon.colcon_core.shell:Skip shell extension 'dsv' for command environment
[1.399s] DEBUG:colcon.colcon_core.event_handler.log_command:Invoking command in '/home/orangepi/Documents/ros2_motor_demo/build/motor_bringup': CMAKE_PREFIX_PATH=/home/orangepi/Documents/ros2_motor_demo/install/motor_hw:/home/orangepi/Documents/ros2_motor_demo/install/motor_msgs:/home/orangepi/Documents/ros2_motor_demo/install/motor_bringup:/opt/ros/jazzy/opt/gz_math_vendor:/opt/ros/jazzy/opt/gz_utils_vendor:/opt/ros/jazzy/opt/gz_cmake_vendor:/home/orangepi/Documents/ros2_examples/ros2_ws/install/pkg_helloworld_py:/opt/ros/jazzy /usr/bin/cmake --build /home/orangepi/Documents/ros2_motor_demo/build/motor_bringup -- -j4 -l4
[1.598s] DEBUG:colcon.colcon_core.event_handler.log_command:Invoked command in '/home/orangepi/Documents/ros2_motor_demo/build/motor_bringup' returned '0': CMAKE_PREFIX_PATH=/home/orangepi/Documents/ros2_motor_demo/install/motor_hw:/home/orangepi/Documents/ros2_motor_demo/install/motor_msgs:/home/orangepi/Documents/ros2_motor_demo/install/motor_bringup:/opt/ros/jazzy/opt/gz_math_vendor:/opt/ros/jazzy/opt/gz_utils_vendor:/opt/ros/jazzy/opt/gz_cmake_vendor:/home/orangepi/Documents/ros2_examples/ros2_ws/install/pkg_helloworld_py:/opt/ros/jazzy /usr/bin/cmake --build /home/orangepi/Documents/ros2_motor_demo/build/motor_bringup -- -j4 -l4
[1.647s] DEBUG:colcon.colcon_core.event_handler.log_command:Invoking command in '/home/orangepi/Documents/ros2_motor_demo/build/motor_bringup': CMAKE_PREFIX_PATH=/home/orangepi/Documents/ros2_motor_demo/install/motor_hw:/home/orangepi/Documents/ros2_motor_demo/install/motor_msgs:/home/orangepi/Documents/ros2_motor_demo/install/motor_bringup:/opt/ros/jazzy/opt/gz_math_vendor:/opt/ros/jazzy/opt/gz_utils_vendor:/opt/ros/jazzy/opt/gz_cmake_vendor:/home/orangepi/Documents/ros2_examples/ros2_ws/install/pkg_helloworld_py:/opt/ros/jazzy /usr/bin/cmake --install /home/orangepi/Documents/ros2_motor_demo/build/motor_bringup
[1.798s] Level 1:colcon.colcon_core.environment:create_environment_scripts_only(motor_bringup)
[1.801s] DEBUG:colcon.colcon_core.event_handler.log_command:Invoked command in '/home/orangepi/Documents/ros2_motor_demo/build/motor_bringup' returned '0': CMAKE_PREFIX_PATH=/home/orangepi/Documents/ros2_motor_demo/install/motor_hw:/home/orangepi/Documents/ros2_motor_demo/install/motor_msgs:/home/orangepi/Documents/ros2_motor_demo/install/motor_bringup:/opt/ros/jazzy/opt/gz_math_vendor:/opt/ros/jazzy/opt/gz_utils_vendor:/opt/ros/jazzy/opt/gz_cmake_vendor:/home/orangepi/Documents/ros2_examples/ros2_ws/install/pkg_helloworld_py:/opt/ros/jazzy /usr/bin/cmake --install /home/orangepi/Documents/ros2_motor_demo/build/motor_bringup
[1.811s] Level 1:colcon.colcon_core.environment:checking '/home/orangepi/Documents/ros2_motor_demo/install/motor_bringup' for CMake module files
[1.814s] Level 1:colcon.colcon_core.environment:checking '/home/orangepi/Documents/ros2_motor_demo/install/motor_bringup' for CMake config files
[1.816s] Level 1:colcon.colcon_core.shell:create_environment_hook('motor_bringup', 'cmake_prefix_path')
[1.817s] INFO:colcon.colcon_core.shell:Creating environment hook '/home/orangepi/Documents/ros2_motor_demo/install/motor_bringup/share/motor_bringup/hook/cmake_prefix_path.ps1'
[1.821s] INFO:colcon.colcon_core.shell:Creating environment descriptor '/home/orangepi/Documents/ros2_motor_demo/install/motor_bringup/share/motor_bringup/hook/cmake_prefix_path.dsv'
[1.831s] INFO:colcon.colcon_core.shell:Creating environment hook '/home/orangepi/Documents/ros2_motor_demo/install/motor_bringup/share/motor_bringup/hook/cmake_prefix_path.sh'
[1.838s] Level 1:colcon.colcon_core.environment:checking '/home/orangepi/Documents/ros2_motor_demo/install/motor_bringup/bin'
[1.839s] Level 1:colcon.colcon_core.environment:checking '/home/orangepi/Documents/ros2_motor_demo/install/motor_bringup/lib/pkgconfig/motor_bringup.pc'
[1.852s] Level 1:colcon.colcon_core.environment:checking '/home/orangepi/Documents/ros2_motor_demo/install/motor_bringup/lib/python3.12/site-packages'
[1.854s] Level 1:colcon.colcon_core.environment:checking '/home/orangepi/Documents/ros2_motor_demo/install/motor_bringup/bin'
[1.856s] INFO:colcon.colcon_core.shell:Creating package script '/home/orangepi/Documents/ros2_motor_demo/install/motor_bringup/share/motor_bringup/package.ps1'
[1.860s] INFO:colcon.colcon_core.shell:Creating package descriptor '/home/orangepi/Documents/ros2_motor_demo/install/motor_bringup/share/motor_bringup/package.dsv'
[1.863s] INFO:colcon.colcon_core.shell:Creating package script '/home/orangepi/Documents/ros2_motor_demo/install/motor_bringup/share/motor_bringup/package.sh'
[1.867s] INFO:colcon.colcon_core.shell:Creating package script '/home/orangepi/Documents/ros2_motor_demo/install/motor_bringup/share/motor_bringup/package.bash'
[1.871s] INFO:colcon.colcon_core.shell:Creating package script '/home/orangepi/Documents/ros2_motor_demo/install/motor_bringup/share/motor_bringup/package.zsh'
[1.879s] Level 1:colcon.colcon_core.environment:create_file_with_runtime_dependencies(/home/orangepi/Documents/ros2_motor_demo/install/motor_bringup/share/colcon-core/packages/motor_bringup)
[1.887s] Level 1:colcon.colcon_core.environment:create_environment_scripts_only(motor_bringup)
[1.888s] Level 1:colcon.colcon_core.environment:checking '/home/orangepi/Documents/ros2_motor_demo/install/motor_bringup' for CMake module files
[1.892s] Level 1:colcon.colcon_core.environment:checking '/home/orangepi/Documents/ros2_motor_demo/install/motor_bringup' for CMake config files
[1.893s] Level 1:colcon.colcon_core.shell:create_environment_hook('motor_bringup', 'cmake_prefix_path')
[1.894s] INFO:colcon.colcon_core.shell:Creating environment hook '/home/orangepi/Documents/ros2_motor_demo/install/motor_bringup/share/motor_bringup/hook/cmake_prefix_path.ps1'
[1.896s] INFO:colcon.colcon_core.shell:Creating environment descriptor '/home/orangepi/Documents/ros2_motor_demo/install/motor_bringup/share/motor_bringup/hook/cmake_prefix_path.dsv'
[1.902s] INFO:colcon.colcon_core.shell:Creating environment hook '/home/orangepi/Documents/ros2_motor_demo/install/motor_bringup/share/motor_bringup/hook/cmake_prefix_path.sh'
[1.907s] Level 1:colcon.colcon_core.environment:checking '/home/orangepi/Documents/ros2_motor_demo/install/motor_bringup/bin'
[1.907s] Level 1:colcon.colcon_core.environment:checking '/home/orangepi/Documents/ros2_motor_demo/install/motor_bringup/lib/pkgconfig/motor_bringup.pc'
[1.909s] Level 1:colcon.colcon_core.environment:checking '/home/orangepi/Documents/ros2_motor_demo/install/motor_bringup/lib/python3.12/site-packages'
[1.910s] Level 1:colcon.colcon_core.environment:checking '/home/orangepi/Documents/ros2_motor_demo/install/motor_bringup/bin'
[1.912s] INFO:colcon.colcon_core.shell:Creating package script '/home/orangepi/Documents/ros2_motor_demo/install/motor_bringup/share/motor_bringup/package.ps1'
[1.915s] INFO:colcon.colcon_core.shell:Creating package descriptor '/home/orangepi/Documents/ros2_motor_demo/install/motor_bringup/share/motor_bringup/package.dsv'
[1.919s] INFO:colcon.colcon_core.shell:Creating package script '/home/orangepi/Documents/ros2_motor_demo/install/motor_bringup/share/motor_bringup/package.sh'
[1.924s] INFO:colcon.colcon_core.shell:Creating package script '/home/orangepi/Documents/ros2_motor_demo/install/motor_bringup/share/motor_bringup/package.bash'
[1.928s] INFO:colcon.colcon_core.shell:Creating package script '/home/orangepi/Documents/ros2_motor_demo/install/motor_bringup/share/motor_bringup/package.zsh'
[1.933s] Level 1:colcon.colcon_core.environment:create_file_with_runtime_dependencies(/home/orangepi/Documents/ros2_motor_demo/install/motor_bringup/share/colcon-core/packages/motor_bringup)
[1.938s] DEBUG:colcon.colcon_parallel_executor.executor.parallel:closing loop
[1.940s] DEBUG:colcon.colcon_parallel_executor.executor.parallel:loop closed
[1.941s] DEBUG:colcon.colcon_parallel_executor.executor.parallel:run_until_complete finished with '0'
[1.941s] DEBUG:colcon.colcon_core.event_reactor:joining thread
[1.987s] INFO:colcon.colcon_core.plugin_system:Skipping extension 'colcon_notification.desktop_notification.terminal_notifier': Not used on non-Darwin systems
[1.987s] INFO:colcon.colcon_core.plugin_system:Skipping extension 'colcon_notification.desktop_notification.win32': Not used on non-Windows systems
[1.988s] INFO:colcon.colcon_notification.desktop_notification:Sending desktop notification using 'notify2'
[2.038s] DEBUG:colcon.colcon_core.event_reactor:joined thread
[2.040s] INFO:colcon.colcon_core.shell:Creating prefix script '/home/orangepi/Documents/ros2_motor_demo/install/local_setup.ps1'
[2.045s] INFO:colcon.colcon_core.shell:Creating prefix util module '/home/orangepi/Documents/ros2_motor_demo/install/_local_setup_util_ps1.py'
[2.054s] INFO:colcon.colcon_core.shell:Creating prefix chain script '/home/orangepi/Documents/ros2_motor_demo/install/setup.ps1'
[2.062s] INFO:colcon.colcon_core.shell:Creating prefix script '/home/orangepi/Documents/ros2_motor_demo/install/local_setup.sh'
[2.070s] INFO:colcon.colcon_core.shell:Creating prefix util module '/home/orangepi/Documents/ros2_motor_demo/install/_local_setup_util_sh.py'
[2.076s] INFO:colcon.colcon_core.shell:Creating prefix chain script '/home/orangepi/Documents/ros2_motor_demo/install/setup.sh'
[2.085s] INFO:colcon.colcon_core.shell:Creating prefix script '/home/orangepi/Documents/ros2_motor_demo/install/local_setup.bash'
[2.091s] INFO:colcon.colcon_core.shell:Creating prefix chain script '/home/orangepi/Documents/ros2_motor_demo/install/setup.bash'
[2.099s] INFO:colcon.colcon_core.shell:Creating prefix script '/home/orangepi/Documents/ros2_motor_demo/install/local_setup.zsh'
[2.105s] INFO:colcon.colcon_core.shell:Creating prefix chain script '/home/orangepi/Documents/ros2_motor_demo/install/setup.zsh'
